2019-01-31 14:46:38 INFO  cluster:71 - Cluster created with settings {hosts=[localhost:27017], mode=SINGLE, requiredClusterType=UNKNOWN, serverSelectionTimeout='30000 ms', maxWaitQueueSize=500}
2019-01-31 14:46:38 INFO  cluster:71 - Cluster description not yet available. Waiting for 30000 ms before timing out
2019-01-31 14:46:38 INFO  connection:71 - Opened connection [connectionId{localValue:1, serverValue:459}] to localhost:27017
2019-01-31 14:46:38 INFO  cluster:71 - Monitor thread successfully connected to server with description ServerDescription{address=localhost:27017, type=STANDALONE, state=CONNECTED, ok=true, version=ServerVersion{versionList=[4, 0, 3]}, minWireVersion=0, maxWireVersion=7, maxDocumentSize=16777216, logicalSessionTimeoutMinutes=30, roundTripTimeNanos=4708483}
2019-01-31 14:46:38 INFO  connection:71 - Opened connection [connectionId{localValue:2, serverValue:460}] to localhost:27017
2019-01-31 14:46:38 INFO  cluster:71 - Cluster created with settings {hosts=[localhost:27017], mode=SINGLE, requiredClusterType=UNKNOWN, serverSelectionTimeout='30000 ms', maxWaitQueueSize=500}
2019-01-31 14:46:38 INFO  connection:71 - Opened connection [connectionId{localValue:3, serverValue:461}] to localhost:27017
2019-01-31 14:46:38 INFO  cluster:71 - Monitor thread successfully connected to server with description ServerDescription{address=localhost:27017, type=STANDALONE, state=CONNECTED, ok=true, version=ServerVersion{versionList=[4, 0, 3]}, minWireVersion=0, maxWireVersion=7, maxDocumentSize=16777216, logicalSessionTimeoutMinutes=30, roundTripTimeNanos=1512727}
2019-01-31 14:46:43 INFO  connection:71 - Opened connection [connectionId{localValue:4, serverValue:462}] to localhost:27017
2019-01-31 14:48:56 INFO  cluster:71 - Cluster created with settings {hosts=[localhost:27017], mode=SINGLE, requiredClusterType=UNKNOWN, serverSelectionTimeout='30000 ms', maxWaitQueueSize=500}
2019-01-31 14:48:56 INFO  cluster:71 - Cluster description not yet available. Waiting for 30000 ms before timing out
2019-01-31 14:48:56 INFO  connection:71 - Opened connection [connectionId{localValue:1, serverValue:463}] to localhost:27017
2019-01-31 14:48:56 INFO  cluster:71 - Monitor thread successfully connected to server with description ServerDescription{address=localhost:27017, type=STANDALONE, state=CONNECTED, ok=true, version=ServerVersion{versionList=[4, 0, 3]}, minWireVersion=0, maxWireVersion=7, maxDocumentSize=16777216, logicalSessionTimeoutMinutes=30, roundTripTimeNanos=7674433}
2019-01-31 14:48:56 INFO  connection:71 - Opened connection [connectionId{localValue:2, serverValue:464}] to localhost:27017
2019-01-31 14:48:56 INFO  cluster:71 - Cluster created with settings {hosts=[localhost:27017], mode=SINGLE, requiredClusterType=UNKNOWN, serverSelectionTimeout='30000 ms', maxWaitQueueSize=500}
2019-01-31 14:48:56 INFO  connection:71 - Opened connection [connectionId{localValue:3, serverValue:465}] to localhost:27017
2019-01-31 14:48:56 INFO  cluster:71 - Monitor thread successfully connected to server with description ServerDescription{address=localhost:27017, type=STANDALONE, state=CONNECTED, ok=true, version=ServerVersion{versionList=[4, 0, 3]}, minWireVersion=0, maxWireVersion=7, maxDocumentSize=16777216, logicalSessionTimeoutMinutes=30, roundTripTimeNanos=1634812}
2019-01-31 14:49:01 INFO  connection:71 - Opened connection [connectionId{localValue:4, serverValue:466}] to localhost:27017
2019-01-31 14:50:32 INFO  cluster:71 - Cluster created with settings {hosts=[localhost:27017], mode=SINGLE, requiredClusterType=UNKNOWN, serverSelectionTimeout='30000 ms', maxWaitQueueSize=500}
2019-01-31 14:50:32 INFO  cluster:71 - Cluster description not yet available. Waiting for 30000 ms before timing out
2019-01-31 14:50:32 INFO  connection:71 - Opened connection [connectionId{localValue:1, serverValue:467}] to localhost:27017
2019-01-31 14:50:32 INFO  cluster:71 - Monitor thread successfully connected to server with description ServerDescription{address=localhost:27017, type=STANDALONE, state=CONNECTED, ok=true, version=ServerVersion{versionList=[4, 0, 3]}, minWireVersion=0, maxWireVersion=7, maxDocumentSize=16777216, logicalSessionTimeoutMinutes=30, roundTripTimeNanos=5088075}
2019-01-31 14:50:32 INFO  connection:71 - Opened connection [connectionId{localValue:2, serverValue:468}] to localhost:27017
2019-01-31 14:50:33 INFO  cluster:71 - Cluster created with settings {hosts=[localhost:27017], mode=SINGLE, requiredClusterType=UNKNOWN, serverSelectionTimeout='30000 ms', maxWaitQueueSize=500}
2019-01-31 14:50:33 INFO  connection:71 - Opened connection [connectionId{localValue:3, serverValue:469}] to localhost:27017
2019-01-31 14:50:33 INFO  cluster:71 - Monitor thread successfully connected to server with description ServerDescription{address=localhost:27017, type=STANDALONE, state=CONNECTED, ok=true, version=ServerVersion{versionList=[4, 0, 3]}, minWireVersion=0, maxWireVersion=7, maxDocumentSize=16777216, logicalSessionTimeoutMinutes=30, roundTripTimeNanos=1307028}
2019-01-31 14:50:37 INFO  connection:71 - Opened connection [connectionId{localValue:4, serverValue:470}] to localhost:27017
2019-01-31 14:52:04 INFO  cluster:71 - Cluster created with settings {hosts=[localhost:27017], mode=SINGLE, requiredClusterType=UNKNOWN, serverSelectionTimeout='30000 ms', maxWaitQueueSize=500}
2019-01-31 14:52:04 INFO  cluster:71 - Cluster description not yet available. Waiting for 30000 ms before timing out
2019-01-31 14:52:04 INFO  connection:71 - Opened connection [connectionId{localValue:1, serverValue:471}] to localhost:27017
2019-01-31 14:52:04 INFO  cluster:71 - Monitor thread successfully connected to server with description ServerDescription{address=localhost:27017, type=STANDALONE, state=CONNECTED, ok=true, version=ServerVersion{versionList=[4, 0, 3]}, minWireVersion=0, maxWireVersion=7, maxDocumentSize=16777216, logicalSessionTimeoutMinutes=30, roundTripTimeNanos=7573380}
2019-01-31 14:52:04 INFO  connection:71 - Opened connection [connectionId{localValue:2, serverValue:472}] to localhost:27017
2019-01-31 14:52:04 INFO  cluster:71 - Cluster created with settings {hosts=[localhost:27017], mode=SINGLE, requiredClusterType=UNKNOWN, serverSelectionTimeout='30000 ms', maxWaitQueueSize=500}
2019-01-31 14:52:04 INFO  connection:71 - Opened connection [connectionId{localValue:3, serverValue:473}] to localhost:27017
2019-01-31 14:52:04 INFO  cluster:71 - Monitor thread successfully connected to server with description ServerDescription{address=localhost:27017, type=STANDALONE, state=CONNECTED, ok=true, version=ServerVersion{versionList=[4, 0, 3]}, minWireVersion=0, maxWireVersion=7, maxDocumentSize=16777216, logicalSessionTimeoutMinutes=30, roundTripTimeNanos=1548121}
2019-01-31 14:52:08 INFO  connection:71 - Opened connection [connectionId{localValue:4, serverValue:474}] to localhost:27017
2019-01-31 15:14:46 INFO  cluster:71 - Cluster created with settings {hosts=[localhost:27017], mode=SINGLE, requiredClusterType=UNKNOWN, serverSelectionTimeout='30000 ms', maxWaitQueueSize=500}
2019-01-31 15:14:46 INFO  cluster:71 - Cluster description not yet available. Waiting for 30000 ms before timing out
2019-01-31 15:14:46 INFO  connection:71 - Opened connection [connectionId{localValue:1, serverValue:475}] to localhost:27017
2019-01-31 15:14:46 INFO  cluster:71 - Monitor thread successfully connected to server with description ServerDescription{address=localhost:27017, type=STANDALONE, state=CONNECTED, ok=true, version=ServerVersion{versionList=[4, 0, 3]}, minWireVersion=0, maxWireVersion=7, maxDocumentSize=16777216, logicalSessionTimeoutMinutes=30, roundTripTimeNanos=4641285}
2019-01-31 15:14:46 INFO  connection:71 - Opened connection [connectionId{localValue:2, serverValue:476}] to localhost:27017
2019-01-31 15:14:46 INFO  cluster:71 - Cluster created with settings {hosts=[localhost:27017], mode=SINGLE, requiredClusterType=UNKNOWN, serverSelectionTimeout='30000 ms', maxWaitQueueSize=500}
2019-01-31 15:14:46 INFO  connection:71 - Opened connection [connectionId{localValue:3, serverValue:477}] to localhost:27017
2019-01-31 15:14:46 INFO  cluster:71 - Monitor thread successfully connected to server with description ServerDescription{address=localhost:27017, type=STANDALONE, state=CONNECTED, ok=true, version=ServerVersion{versionList=[4, 0, 3]}, minWireVersion=0, maxWireVersion=7, maxDocumentSize=16777216, logicalSessionTimeoutMinutes=30, roundTripTimeNanos=1809732}
2019-01-31 15:14:50 INFO  connection:71 - Opened connection [connectionId{localValue:4, serverValue:478}] to localhost:27017
2019-01-31 15:21:13 INFO  cluster:71 - Cluster created with settings {hosts=[localhost:27017], mode=SINGLE, requiredClusterType=UNKNOWN, serverSelectionTimeout='30000 ms', maxWaitQueueSize=500}
2019-01-31 15:21:13 INFO  cluster:71 - Cluster description not yet available. Waiting for 30000 ms before timing out
2019-01-31 15:21:13 INFO  connection:71 - Opened connection [connectionId{localValue:1, serverValue:479}] to localhost:27017
2019-01-31 15:21:13 INFO  cluster:71 - Monitor thread successfully connected to server with description ServerDescription{address=localhost:27017, type=STANDALONE, state=CONNECTED, ok=true, version=ServerVersion{versionList=[4, 0, 3]}, minWireVersion=0, maxWireVersion=7, maxDocumentSize=16777216, logicalSessionTimeoutMinutes=30, roundTripTimeNanos=6109384}
2019-01-31 15:21:13 INFO  connection:71 - Opened connection [connectionId{localValue:2, serverValue:480}] to localhost:27017
2019-01-31 15:21:13 INFO  cluster:71 - Cluster created with settings {hosts=[localhost:27017], mode=SINGLE, requiredClusterType=UNKNOWN, serverSelectionTimeout='30000 ms', maxWaitQueueSize=500}
2019-01-31 15:21:13 INFO  connection:71 - Opened connection [connectionId{localValue:3, serverValue:481}] to localhost:27017
2019-01-31 15:21:13 INFO  cluster:71 - Monitor thread successfully connected to server with description ServerDescription{address=localhost:27017, type=STANDALONE, state=CONNECTED, ok=true, version=ServerVersion{versionList=[4, 0, 3]}, minWireVersion=0, maxWireVersion=7, maxDocumentSize=16777216, logicalSessionTimeoutMinutes=30, roundTripTimeNanos=1883599}
2019-01-31 15:21:17 INFO  connection:71 - Opened connection [connectionId{localValue:4, serverValue:482}] to localhost:27017
2019-01-31 15:21:50 INFO  cluster:71 - Cluster created with settings {hosts=[localhost:27017], mode=SINGLE, requiredClusterType=UNKNOWN, serverSelectionTimeout='30000 ms', maxWaitQueueSize=500}
2019-01-31 15:21:50 INFO  cluster:71 - Cluster description not yet available. Waiting for 30000 ms before timing out
2019-01-31 15:21:50 INFO  connection:71 - Opened connection [connectionId{localValue:1, serverValue:483}] to localhost:27017
2019-01-31 15:21:50 INFO  cluster:71 - Monitor thread successfully connected to server with description ServerDescription{address=localhost:27017, type=STANDALONE, state=CONNECTED, ok=true, version=ServerVersion{versionList=[4, 0, 3]}, minWireVersion=0, maxWireVersion=7, maxDocumentSize=16777216, logicalSessionTimeoutMinutes=30, roundTripTimeNanos=4759780}
2019-01-31 15:21:50 INFO  connection:71 - Opened connection [connectionId{localValue:2, serverValue:484}] to localhost:27017
2019-01-31 15:21:50 INFO  cluster:71 - Cluster created with settings {hosts=[localhost:27017], mode=SINGLE, requiredClusterType=UNKNOWN, serverSelectionTimeout='30000 ms', maxWaitQueueSize=500}
2019-01-31 15:21:50 INFO  connection:71 - Opened connection [connectionId{localValue:3, serverValue:485}] to localhost:27017
2019-01-31 15:21:50 INFO  cluster:71 - Monitor thread successfully connected to server with description ServerDescription{address=localhost:27017, type=STANDALONE, state=CONNECTED, ok=true, version=ServerVersion{versionList=[4, 0, 3]}, minWireVersion=0, maxWireVersion=7, maxDocumentSize=16777216, logicalSessionTimeoutMinutes=30, roundTripTimeNanos=1902065}
2019-01-31 15:21:54 INFO  connection:71 - Opened connection [connectionId{localValue:4, serverValue:486}] to localhost:27017
2019-01-31 15:25:19 INFO  cluster:71 - Cluster created with settings {hosts=[localhost:27017], mode=SINGLE, requiredClusterType=UNKNOWN, serverSelectionTimeout='30000 ms', maxWaitQueueSize=500}
2019-01-31 15:25:19 INFO  cluster:71 - Cluster description not yet available. Waiting for 30000 ms before timing out
2019-01-31 15:25:19 INFO  connection:71 - Opened connection [connectionId{localValue:1, serverValue:487}] to localhost:27017
2019-01-31 15:25:19 INFO  cluster:71 - Monitor thread successfully connected to server with description ServerDescription{address=localhost:27017, type=STANDALONE, state=CONNECTED, ok=true, version=ServerVersion{versionList=[4, 0, 3]}, minWireVersion=0, maxWireVersion=7, maxDocumentSize=16777216, logicalSessionTimeoutMinutes=30, roundTripTimeNanos=5027546}
2019-01-31 15:25:19 INFO  connection:71 - Opened connection [connectionId{localValue:2, serverValue:488}] to localhost:27017
2019-01-31 15:25:19 INFO  cluster:71 - Cluster created with settings {hosts=[localhost:27017], mode=SINGLE, requiredClusterType=UNKNOWN, serverSelectionTimeout='30000 ms', maxWaitQueueSize=500}
2019-01-31 15:25:19 INFO  connection:71 - Opened connection [connectionId{localValue:3, serverValue:489}] to localhost:27017
2019-01-31 15:25:19 INFO  cluster:71 - Monitor thread successfully connected to server with description ServerDescription{address=localhost:27017, type=STANDALONE, state=CONNECTED, ok=true, version=ServerVersion{versionList=[4, 0, 3]}, minWireVersion=0, maxWireVersion=7, maxDocumentSize=16777216, logicalSessionTimeoutMinutes=30, roundTripTimeNanos=1225468}
2019-01-31 15:26:17 INFO  cluster:71 - Cluster created with settings {hosts=[localhost:27017], mode=SINGLE, requiredClusterType=UNKNOWN, serverSelectionTimeout='30000 ms', maxWaitQueueSize=500}
2019-01-31 15:26:18 INFO  cluster:71 - Cluster description not yet available. Waiting for 30000 ms before timing out
2019-01-31 15:26:18 INFO  connection:71 - Opened connection [connectionId{localValue:1, serverValue:490}] to localhost:27017
2019-01-31 15:26:18 INFO  cluster:71 - Monitor thread successfully connected to server with description ServerDescription{address=localhost:27017, type=STANDALONE, state=CONNECTED, ok=true, version=ServerVersion{versionList=[4, 0, 3]}, minWireVersion=0, maxWireVersion=7, maxDocumentSize=16777216, logicalSessionTimeoutMinutes=30, roundTripTimeNanos=4857755}
2019-01-31 15:26:18 INFO  connection:71 - Opened connection [connectionId{localValue:2, serverValue:491}] to localhost:27017
2019-01-31 15:26:18 INFO  cluster:71 - Cluster created with settings {hosts=[localhost:27017], mode=SINGLE, requiredClusterType=UNKNOWN, serverSelectionTimeout='30000 ms', maxWaitQueueSize=500}
2019-01-31 15:26:18 INFO  connection:71 - Opened connection [connectionId{localValue:3, serverValue:492}] to localhost:27017
2019-01-31 15:26:18 INFO  cluster:71 - Monitor thread successfully connected to server with description ServerDescription{address=localhost:27017, type=STANDALONE, state=CONNECTED, ok=true, version=ServerVersion{versionList=[4, 0, 3]}, minWireVersion=0, maxWireVersion=7, maxDocumentSize=16777216, logicalSessionTimeoutMinutes=30, roundTripTimeNanos=1848717}
2019-01-31 15:26:38 INFO  cluster:71 - Cluster created with settings {hosts=[localhost:27017], mode=SINGLE, requiredClusterType=UNKNOWN, serverSelectionTimeout='30000 ms', maxWaitQueueSize=500}
2019-01-31 15:26:38 INFO  cluster:71 - Cluster description not yet available. Waiting for 30000 ms before timing out
2019-01-31 15:26:38 INFO  connection:71 - Opened connection [connectionId{localValue:1, serverValue:493}] to localhost:27017
2019-01-31 15:26:38 INFO  cluster:71 - Monitor thread successfully connected to server with description ServerDescription{address=localhost:27017, type=STANDALONE, state=CONNECTED, ok=true, version=ServerVersion{versionList=[4, 0, 3]}, minWireVersion=0, maxWireVersion=7, maxDocumentSize=16777216, logicalSessionTimeoutMinutes=30, roundTripTimeNanos=5412268}
2019-01-31 15:26:38 INFO  connection:71 - Opened connection [connectionId{localValue:2, serverValue:494}] to localhost:27017
2019-01-31 15:26:38 INFO  cluster:71 - Cluster created with settings {hosts=[localhost:27017], mode=SINGLE, requiredClusterType=UNKNOWN, serverSelectionTimeout='30000 ms', maxWaitQueueSize=500}
2019-01-31 15:26:38 INFO  connection:71 - Opened connection [connectionId{localValue:3, serverValue:495}] to localhost:27017
2019-01-31 15:26:38 INFO  cluster:71 - Monitor thread successfully connected to server with description ServerDescription{address=localhost:27017, type=STANDALONE, state=CONNECTED, ok=true, version=ServerVersion{versionList=[4, 0, 3]}, minWireVersion=0, maxWireVersion=7, maxDocumentSize=16777216, logicalSessionTimeoutMinutes=30, roundTripTimeNanos=1319339}
2019-01-31 15:37:19 INFO  cluster:71 - Cluster created with settings {hosts=[localhost:27017], mode=SINGLE, requiredClusterType=UNKNOWN, serverSelectionTimeout='30000 ms', maxWaitQueueSize=500}
2019-01-31 15:37:19 INFO  cluster:71 - Cluster description not yet available. Waiting for 30000 ms before timing out
2019-01-31 15:37:19 INFO  connection:71 - Opened connection [connectionId{localValue:1, serverValue:496}] to localhost:27017
2019-01-31 15:37:19 INFO  cluster:71 - Monitor thread successfully connected to server with description ServerDescription{address=localhost:27017, type=STANDALONE, state=CONNECTED, ok=true, version=ServerVersion{versionList=[4, 0, 3]}, minWireVersion=0, maxWireVersion=7, maxDocumentSize=16777216, logicalSessionTimeoutMinutes=30, roundTripTimeNanos=4199112}
2019-01-31 15:37:19 INFO  connection:71 - Opened connection [connectionId{localValue:2, serverValue:497}] to localhost:27017
2019-01-31 15:37:19 INFO  cluster:71 - Cluster created with settings {hosts=[localhost:27017], mode=SINGLE, requiredClusterType=UNKNOWN, serverSelectionTimeout='30000 ms', maxWaitQueueSize=500}
2019-01-31 15:37:19 INFO  connection:71 - Opened connection [connectionId{localValue:3, serverValue:498}] to localhost:27017
2019-01-31 15:37:19 INFO  cluster:71 - Monitor thread successfully connected to server with description ServerDescription{address=localhost:27017, type=STANDALONE, state=CONNECTED, ok=true, version=ServerVersion{versionList=[4, 0, 3]}, minWireVersion=0, maxWireVersion=7, maxDocumentSize=16777216, logicalSessionTimeoutMinutes=30, roundTripTimeNanos=1197767}
2019-01-31 15:43:45 INFO  cluster:71 - Cluster created with settings {hosts=[localhost:27017], mode=SINGLE, requiredClusterType=UNKNOWN, serverSelectionTimeout='30000 ms', maxWaitQueueSize=500}
2019-01-31 15:43:45 INFO  cluster:71 - Cluster description not yet available. Waiting for 30000 ms before timing out
2019-01-31 15:43:45 INFO  connection:71 - Opened connection [connectionId{localValue:1, serverValue:499}] to localhost:27017
2019-01-31 15:43:45 INFO  cluster:71 - Monitor thread successfully connected to server with description ServerDescription{address=localhost:27017, type=STANDALONE, state=CONNECTED, ok=true, version=ServerVersion{versionList=[4, 0, 3]}, minWireVersion=0, maxWireVersion=7, maxDocumentSize=16777216, logicalSessionTimeoutMinutes=30, roundTripTimeNanos=5425092}
2019-01-31 15:43:45 INFO  connection:71 - Opened connection [connectionId{localValue:2, serverValue:500}] to localhost:27017
2019-01-31 15:43:45 INFO  cluster:71 - Cluster created with settings {hosts=[localhost:27017], mode=SINGLE, requiredClusterType=UNKNOWN, serverSelectionTimeout='30000 ms', maxWaitQueueSize=500}
2019-01-31 15:43:45 INFO  connection:71 - Opened connection [connectionId{localValue:3, serverValue:501}] to localhost:27017
2019-01-31 15:43:45 INFO  cluster:71 - Monitor thread successfully connected to server with description ServerDescription{address=localhost:27017, type=STANDALONE, state=CONNECTED, ok=true, version=ServerVersion{versionList=[4, 0, 3]}, minWireVersion=0, maxWireVersion=7, maxDocumentSize=16777216, logicalSessionTimeoutMinutes=30, roundTripTimeNanos=1542478}
2019-01-31 15:46:57 INFO  cluster:71 - Cluster created with settings {hosts=[localhost:27017], mode=SINGLE, requiredClusterType=UNKNOWN, serverSelectionTimeout='30000 ms', maxWaitQueueSize=500}
2019-01-31 15:46:57 INFO  cluster:71 - Cluster description not yet available. Waiting for 30000 ms before timing out
2019-01-31 15:46:57 INFO  connection:71 - Opened connection [connectionId{localValue:1, serverValue:502}] to localhost:27017
2019-01-31 15:46:57 INFO  cluster:71 - Monitor thread successfully connected to server with description ServerDescription{address=localhost:27017, type=STANDALONE, state=CONNECTED, ok=true, version=ServerVersion{versionList=[4, 0, 3]}, minWireVersion=0, maxWireVersion=7, maxDocumentSize=16777216, logicalSessionTimeoutMinutes=30, roundTripTimeNanos=5845209}
2019-01-31 15:46:57 INFO  connection:71 - Opened connection [connectionId{localValue:2, serverValue:503}] to localhost:27017
2019-01-31 15:46:57 INFO  cluster:71 - Cluster created with settings {hosts=[localhost:27017], mode=SINGLE, requiredClusterType=UNKNOWN, serverSelectionTimeout='30000 ms', maxWaitQueueSize=500}
2019-01-31 15:46:57 INFO  connection:71 - Opened connection [connectionId{localValue:3, serverValue:504}] to localhost:27017
2019-01-31 15:46:57 INFO  cluster:71 - Monitor thread successfully connected to server with description ServerDescription{address=localhost:27017, type=STANDALONE, state=CONNECTED, ok=true, version=ServerVersion{versionList=[4, 0, 3]}, minWireVersion=0, maxWireVersion=7, maxDocumentSize=16777216, logicalSessionTimeoutMinutes=30, roundTripTimeNanos=1082864}
2019-01-31 15:53:34 INFO  cluster:71 - Cluster created with settings {hosts=[localhost:27017], mode=SINGLE, requiredClusterType=UNKNOWN, serverSelectionTimeout='30000 ms', maxWaitQueueSize=500}
2019-01-31 15:53:34 INFO  cluster:71 - Cluster description not yet available. Waiting for 30000 ms before timing out
2019-01-31 15:53:35 INFO  connection:71 - Opened connection [connectionId{localValue:1, serverValue:505}] to localhost:27017
2019-01-31 15:53:35 INFO  cluster:71 - Monitor thread successfully connected to server with description ServerDescription{address=localhost:27017, type=STANDALONE, state=CONNECTED, ok=true, version=ServerVersion{versionList=[4, 0, 3]}, minWireVersion=0, maxWireVersion=7, maxDocumentSize=16777216, logicalSessionTimeoutMinutes=30, roundTripTimeNanos=4346332}
2019-01-31 15:53:35 INFO  connection:71 - Opened connection [connectionId{localValue:2, serverValue:506}] to localhost:27017
2019-01-31 15:53:35 INFO  cluster:71 - Cluster created with settings {hosts=[localhost:27017], mode=SINGLE, requiredClusterType=UNKNOWN, serverSelectionTimeout='30000 ms', maxWaitQueueSize=500}
2019-01-31 15:53:35 INFO  connection:71 - Opened connection [connectionId{localValue:3, serverValue:507}] to localhost:27017
2019-01-31 15:53:35 INFO  cluster:71 - Monitor thread successfully connected to server with description ServerDescription{address=localhost:27017, type=STANDALONE, state=CONNECTED, ok=true, version=ServerVersion{versionList=[4, 0, 3]}, minWireVersion=0, maxWireVersion=7, maxDocumentSize=16777216, logicalSessionTimeoutMinutes=30, roundTripTimeNanos=1053625}
2019-01-31 16:16:07 INFO  cluster:71 - Cluster created with settings {hosts=[localhost:27017], mode=SINGLE, requiredClusterType=UNKNOWN, serverSelectionTimeout='30000 ms', maxWaitQueueSize=500}
2019-01-31 16:16:07 INFO  cluster:71 - Cluster description not yet available. Waiting for 30000 ms before timing out
2019-01-31 16:16:07 INFO  connection:71 - Opened connection [connectionId{localValue:1, serverValue:508}] to localhost:27017
2019-01-31 16:16:07 INFO  cluster:71 - Monitor thread successfully connected to server with description ServerDescription{address=localhost:27017, type=STANDALONE, state=CONNECTED, ok=true, version=ServerVersion{versionList=[4, 0, 3]}, minWireVersion=0, maxWireVersion=7, maxDocumentSize=16777216, logicalSessionTimeoutMinutes=30, roundTripTimeNanos=3918521}
2019-01-31 16:16:07 INFO  connection:71 - Opened connection [connectionId{localValue:2, serverValue:509}] to localhost:27017
2019-01-31 16:16:07 INFO  cluster:71 - Cluster created with settings {hosts=[localhost:27017], mode=SINGLE, requiredClusterType=UNKNOWN, serverSelectionTimeout='30000 ms', maxWaitQueueSize=500}
2019-01-31 16:16:07 INFO  connection:71 - Opened connection [connectionId{localValue:3, serverValue:510}] to localhost:27017
2019-01-31 16:16:07 INFO  cluster:71 - Monitor thread successfully connected to server with description ServerDescription{address=localhost:27017, type=STANDALONE, state=CONNECTED, ok=true, version=ServerVersion{versionList=[4, 0, 3]}, minWireVersion=0, maxWireVersion=7, maxDocumentSize=16777216, logicalSessionTimeoutMinutes=30, roundTripTimeNanos=1129544}
2019-01-31 16:16:52 INFO  cluster:71 - Cluster created with settings {hosts=[localhost:27017], mode=SINGLE, requiredClusterType=UNKNOWN, serverSelectionTimeout='30000 ms', maxWaitQueueSize=500}
2019-01-31 16:16:52 INFO  cluster:71 - Cluster description not yet available. Waiting for 30000 ms before timing out
2019-01-31 16:16:52 INFO  connection:71 - Opened connection [connectionId{localValue:1, serverValue:511}] to localhost:27017
2019-01-31 16:16:52 INFO  cluster:71 - Monitor thread successfully connected to server with description ServerDescription{address=localhost:27017, type=STANDALONE, state=CONNECTED, ok=true, version=ServerVersion{versionList=[4, 0, 3]}, minWireVersion=0, maxWireVersion=7, maxDocumentSize=16777216, logicalSessionTimeoutMinutes=30, roundTripTimeNanos=3391708}
2019-01-31 16:16:52 INFO  connection:71 - Opened connection [connectionId{localValue:2, serverValue:512}] to localhost:27017
2019-01-31 16:16:52 INFO  cluster:71 - Cluster created with settings {hosts=[localhost:27017], mode=SINGLE, requiredClusterType=UNKNOWN, serverSelectionTimeout='30000 ms', maxWaitQueueSize=500}
2019-01-31 16:16:52 INFO  connection:71 - Opened connection [connectionId{localValue:3, serverValue:513}] to localhost:27017
2019-01-31 16:16:52 INFO  cluster:71 - Monitor thread successfully connected to server with description ServerDescription{address=localhost:27017, type=STANDALONE, state=CONNECTED, ok=true, version=ServerVersion{versionList=[4, 0, 3]}, minWireVersion=0, maxWireVersion=7, maxDocumentSize=16777216, logicalSessionTimeoutMinutes=30, roundTripTimeNanos=860238}
2019-01-31 16:17:02 INFO  cluster:71 - Cluster created with settings {hosts=[localhost:27017], mode=SINGLE, requiredClusterType=UNKNOWN, serverSelectionTimeout='30000 ms', maxWaitQueueSize=500}
2019-01-31 16:17:02 INFO  cluster:71 - Cluster description not yet available. Waiting for 30000 ms before timing out
2019-01-31 16:17:02 INFO  connection:71 - Opened connection [connectionId{localValue:1, serverValue:514}] to localhost:27017
2019-01-31 16:17:02 INFO  cluster:71 - Monitor thread successfully connected to server with description ServerDescription{address=localhost:27017, type=STANDALONE, state=CONNECTED, ok=true, version=ServerVersion{versionList=[4, 0, 3]}, minWireVersion=0, maxWireVersion=7, maxDocumentSize=16777216, logicalSessionTimeoutMinutes=30, roundTripTimeNanos=3599459}
2019-01-31 16:17:02 INFO  connection:71 - Opened connection [connectionId{localValue:2, serverValue:515}] to localhost:27017
2019-01-31 16:17:02 INFO  cluster:71 - Cluster created with settings {hosts=[localhost:27017], mode=SINGLE, requiredClusterType=UNKNOWN, serverSelectionTimeout='30000 ms', maxWaitQueueSize=500}
2019-01-31 16:17:02 INFO  connection:71 - Opened connection [connectionId{localValue:3, serverValue:516}] to localhost:27017
2019-01-31 16:17:02 INFO  cluster:71 - Monitor thread successfully connected to server with description ServerDescription{address=localhost:27017, type=STANDALONE, state=CONNECTED, ok=true, version=ServerVersion{versionList=[4, 0, 3]}, minWireVersion=0, maxWireVersion=7, maxDocumentSize=16777216, logicalSessionTimeoutMinutes=30, roundTripTimeNanos=935131}
2019-01-31 16:17:54 INFO  cluster:71 - Cluster created with settings {hosts=[localhost:27017], mode=SINGLE, requiredClusterType=UNKNOWN, serverSelectionTimeout='30000 ms', maxWaitQueueSize=500}
2019-01-31 16:17:54 INFO  cluster:71 - Cluster description not yet available. Waiting for 30000 ms before timing out
2019-01-31 16:17:54 INFO  connection:71 - Opened connection [connectionId{localValue:1, serverValue:517}] to localhost:27017
2019-01-31 16:17:54 INFO  cluster:71 - Monitor thread successfully connected to server with description ServerDescription{address=localhost:27017, type=STANDALONE, state=CONNECTED, ok=true, version=ServerVersion{versionList=[4, 0, 3]}, minWireVersion=0, maxWireVersion=7, maxDocumentSize=16777216, logicalSessionTimeoutMinutes=30, roundTripTimeNanos=3571758}
2019-01-31 16:17:54 INFO  connection:71 - Opened connection [connectionId{localValue:2, serverValue:518}] to localhost:27017
2019-01-31 16:17:54 INFO  cluster:71 - Cluster created with settings {hosts=[localhost:27017], mode=SINGLE, requiredClusterType=UNKNOWN, serverSelectionTimeout='30000 ms', maxWaitQueueSize=500}
2019-01-31 16:17:54 INFO  connection:71 - Opened connection [connectionId{localValue:3, serverValue:519}] to localhost:27017
2019-01-31 16:17:54 INFO  cluster:71 - Monitor thread successfully connected to server with description ServerDescription{address=localhost:27017, type=STANDALONE, state=CONNECTED, ok=true, version=ServerVersion{versionList=[4, 0, 3]}, minWireVersion=0, maxWireVersion=7, maxDocumentSize=16777216, logicalSessionTimeoutMinutes=30, roundTripTimeNanos=940260}
2019-01-31 16:17:57 INFO  connection:71 - Opened connection [connectionId{localValue:4, serverValue:520}] to localhost:27017
2019-01-31 16:19:28 INFO  cluster:71 - Cluster created with settings {hosts=[localhost:27017], mode=SINGLE, requiredClusterType=UNKNOWN, serverSelectionTimeout='30000 ms', maxWaitQueueSize=500}
2019-01-31 16:19:28 INFO  cluster:71 - Cluster description not yet available. Waiting for 30000 ms before timing out
2019-01-31 16:19:28 INFO  connection:71 - Opened connection [connectionId{localValue:1, serverValue:521}] to localhost:27017
2019-01-31 16:19:28 INFO  cluster:71 - Monitor thread successfully connected to server with description ServerDescription{address=localhost:27017, type=STANDALONE, state=CONNECTED, ok=true, version=ServerVersion{versionList=[4, 0, 3]}, minWireVersion=0, maxWireVersion=7, maxDocumentSize=16777216, logicalSessionTimeoutMinutes=30, roundTripTimeNanos=3154206}
2019-01-31 16:19:28 INFO  connection:71 - Opened connection [connectionId{localValue:2, serverValue:522}] to localhost:27017
2019-01-31 16:19:28 INFO  cluster:71 - Cluster created with settings {hosts=[localhost:27017], mode=SINGLE, requiredClusterType=UNKNOWN, serverSelectionTimeout='30000 ms', maxWaitQueueSize=500}
2019-01-31 16:19:28 INFO  connection:71 - Opened connection [connectionId{localValue:3, serverValue:523}] to localhost:27017
2019-01-31 16:19:28 INFO  cluster:71 - Monitor thread successfully connected to server with description ServerDescription{address=localhost:27017, type=STANDALONE, state=CONNECTED, ok=true, version=ServerVersion{versionList=[4, 0, 3]}, minWireVersion=0, maxWireVersion=7, maxDocumentSize=16777216, logicalSessionTimeoutMinutes=30, roundTripTimeNanos=1090559}
2019-01-31 16:19:30 INFO  connection:71 - Opened connection [connectionId{localValue:4, serverValue:524}] to localhost:27017
2019-01-31 16:19:47 INFO  cluster:71 - Cluster created with settings {hosts=[localhost:27017], mode=SINGLE, requiredClusterType=UNKNOWN, serverSelectionTimeout='30000 ms', maxWaitQueueSize=500}
2019-01-31 16:19:47 INFO  cluster:71 - Cluster description not yet available. Waiting for 30000 ms before timing out
2019-01-31 16:19:47 INFO  connection:71 - Opened connection [connectionId{localValue:1, serverValue:525}] to localhost:27017
2019-01-31 16:19:47 INFO  cluster:71 - Monitor thread successfully connected to server with description ServerDescription{address=localhost:27017, type=STANDALONE, state=CONNECTED, ok=true, version=ServerVersion{versionList=[4, 0, 3]}, minWireVersion=0, maxWireVersion=7, maxDocumentSize=16777216, logicalSessionTimeoutMinutes=30, roundTripTimeNanos=6372021}
2019-01-31 16:19:47 INFO  connection:71 - Opened connection [connectionId{localValue:2, serverValue:526}] to localhost:27017
2019-01-31 16:19:47 INFO  cluster:71 - Cluster created with settings {hosts=[localhost:27017], mode=SINGLE, requiredClusterType=UNKNOWN, serverSelectionTimeout='30000 ms', maxWaitQueueSize=500}
2019-01-31 16:19:47 INFO  connection:71 - Opened connection [connectionId{localValue:3, serverValue:527}] to localhost:27017
2019-01-31 16:19:47 INFO  cluster:71 - Monitor thread successfully connected to server with description ServerDescription{address=localhost:27017, type=STANDALONE, state=CONNECTED, ok=true, version=ServerVersion{versionList=[4, 0, 3]}, minWireVersion=0, maxWireVersion=7, maxDocumentSize=16777216, logicalSessionTimeoutMinutes=30, roundTripTimeNanos=1062345}
2019-01-31 16:19:50 INFO  connection:71 - Opened connection [connectionId{localValue:4, serverValue:528}] to localhost:27017
2019-01-31 16:19:58 INFO  cluster:71 - Cluster created with settings {hosts=[localhost:27017], mode=SINGLE, requiredClusterType=UNKNOWN, serverSelectionTimeout='30000 ms', maxWaitQueueSize=500}
2019-01-31 16:19:58 INFO  cluster:71 - Cluster description not yet available. Waiting for 30000 ms before timing out
2019-01-31 16:19:58 INFO  connection:71 - Opened connection [connectionId{localValue:1, serverValue:529}] to localhost:27017
2019-01-31 16:19:58 INFO  cluster:71 - Monitor thread successfully connected to server with description ServerDescription{address=localhost:27017, type=STANDALONE, state=CONNECTED, ok=true, version=ServerVersion{versionList=[4, 0, 3]}, minWireVersion=0, maxWireVersion=7, maxDocumentSize=16777216, logicalSessionTimeoutMinutes=30, roundTripTimeNanos=3133175}
2019-01-31 16:19:58 INFO  connection:71 - Opened connection [connectionId{localValue:2, serverValue:530}] to localhost:27017
2019-01-31 16:19:58 INFO  cluster:71 - Cluster created with settings {hosts=[localhost:27017], mode=SINGLE, requiredClusterType=UNKNOWN, serverSelectionTimeout='30000 ms', maxWaitQueueSize=500}
2019-01-31 16:19:58 INFO  connection:71 - Opened connection [connectionId{localValue:3, serverValue:531}] to localhost:27017
2019-01-31 16:19:58 INFO  cluster:71 - Monitor thread successfully connected to server with description ServerDescription{address=localhost:27017, type=STANDALONE, state=CONNECTED, ok=true, version=ServerVersion{versionList=[4, 0, 3]}, minWireVersion=0, maxWireVersion=7, maxDocumentSize=16777216, logicalSessionTimeoutMinutes=30, roundTripTimeNanos=955137}
2019-01-31 16:19:59 INFO  connection:71 - Opened connection [connectionId{localValue:4, serverValue:532}] to localhost:27017
2019-01-31 16:41:17 INFO  cluster:71 - Cluster created with settings {hosts=[localhost:27017], mode=SINGLE, requiredClusterType=UNKNOWN, serverSelectionTimeout='30000 ms', maxWaitQueueSize=500}
2019-01-31 16:41:17 INFO  cluster:71 - Cluster description not yet available. Waiting for 30000 ms before timing out
2019-01-31 16:41:17 INFO  connection:71 - Opened connection [connectionId{localValue:1, serverValue:533}] to localhost:27017
2019-01-31 16:41:17 INFO  cluster:71 - Monitor thread successfully connected to server with description ServerDescription{address=localhost:27017, type=STANDALONE, state=CONNECTED, ok=true, version=ServerVersion{versionList=[4, 0, 3]}, minWireVersion=0, maxWireVersion=7, maxDocumentSize=16777216, logicalSessionTimeoutMinutes=30, roundTripTimeNanos=4436613}
2019-01-31 16:41:17 INFO  connection:71 - Opened connection [connectionId{localValue:2, serverValue:534}] to localhost:27017
2019-01-31 16:41:17 INFO  cluster:71 - Cluster created with settings {hosts=[localhost:27017], mode=SINGLE, requiredClusterType=UNKNOWN, serverSelectionTimeout='30000 ms', maxWaitQueueSize=500}
2019-01-31 16:41:17 INFO  connection:71 - Opened connection [connectionId{localValue:3, serverValue:535}] to localhost:27017
2019-01-31 16:41:17 INFO  cluster:71 - Monitor thread successfully connected to server with description ServerDescription{address=localhost:27017, type=STANDALONE, state=CONNECTED, ok=true, version=ServerVersion{versionList=[4, 0, 3]}, minWireVersion=0, maxWireVersion=7, maxDocumentSize=16777216, logicalSessionTimeoutMinutes=30, roundTripTimeNanos=1101331}
2019-01-31 16:41:18 INFO  connection:71 - Opened connection [connectionId{localValue:4, serverValue:536}] to localhost:27017
2019-01-31 16:44:12 INFO  cluster:71 - Cluster created with settings {hosts=[localhost:27017], mode=SINGLE, requiredClusterType=UNKNOWN, serverSelectionTimeout='30000 ms', maxWaitQueueSize=500}
2019-01-31 16:44:12 INFO  cluster:71 - Cluster description not yet available. Waiting for 30000 ms before timing out
2019-01-31 16:44:12 INFO  connection:71 - Opened connection [connectionId{localValue:1, serverValue:537}] to localhost:27017
2019-01-31 16:44:12 INFO  cluster:71 - Monitor thread successfully connected to server with description ServerDescription{address=localhost:27017, type=STANDALONE, state=CONNECTED, ok=true, version=ServerVersion{versionList=[4, 0, 3]}, minWireVersion=0, maxWireVersion=7, maxDocumentSize=16777216, logicalSessionTimeoutMinutes=30, roundTripTimeNanos=5542048}
2019-01-31 16:44:12 INFO  connection:71 - Opened connection [connectionId{localValue:2, serverValue:538}] to localhost:27017
2019-01-31 16:44:12 INFO  cluster:71 - Cluster created with settings {hosts=[localhost:27017], mode=SINGLE, requiredClusterType=UNKNOWN, serverSelectionTimeout='30000 ms', maxWaitQueueSize=500}
2019-01-31 16:44:12 INFO  connection:71 - Opened connection [connectionId{localValue:3, serverValue:539}] to localhost:27017
2019-01-31 16:44:12 INFO  cluster:71 - Monitor thread successfully connected to server with description ServerDescription{address=localhost:27017, type=STANDALONE, state=CONNECTED, ok=true, version=ServerVersion{versionList=[4, 0, 3]}, minWireVersion=0, maxWireVersion=7, maxDocumentSize=16777216, logicalSessionTimeoutMinutes=30, roundTripTimeNanos=1367558}
2019-01-31 16:44:14 INFO  connection:71 - Opened connection [connectionId{localValue:4, serverValue:540}] to localhost:27017
2019-01-31 16:45:36 INFO  cluster:71 - Cluster created with settings {hosts=[localhost:27017], mode=SINGLE, requiredClusterType=UNKNOWN, serverSelectionTimeout='30000 ms', maxWaitQueueSize=500}
2019-01-31 16:45:36 INFO  cluster:71 - Cluster description not yet available. Waiting for 30000 ms before timing out
2019-01-31 16:45:36 INFO  connection:71 - Opened connection [connectionId{localValue:1, serverValue:541}] to localhost:27017
2019-01-31 16:45:36 INFO  cluster:71 - Monitor thread successfully connected to server with description ServerDescription{address=localhost:27017, type=STANDALONE, state=CONNECTED, ok=true, version=ServerVersion{versionList=[4, 0, 3]}, minWireVersion=0, maxWireVersion=7, maxDocumentSize=16777216, logicalSessionTimeoutMinutes=30, roundTripTimeNanos=6528988}
2019-01-31 16:45:36 INFO  connection:71 - Opened connection [connectionId{localValue:2, serverValue:542}] to localhost:27017
2019-01-31 16:45:36 INFO  cluster:71 - Cluster created with settings {hosts=[localhost:27017], mode=SINGLE, requiredClusterType=UNKNOWN, serverSelectionTimeout='30000 ms', maxWaitQueueSize=500}
2019-01-31 16:45:36 INFO  connection:71 - Opened connection [connectionId{localValue:3, serverValue:543}] to localhost:27017
2019-01-31 16:45:36 INFO  cluster:71 - Monitor thread successfully connected to server with description ServerDescription{address=localhost:27017, type=STANDALONE, state=CONNECTED, ok=true, version=ServerVersion{versionList=[4, 0, 3]}, minWireVersion=0, maxWireVersion=7, maxDocumentSize=16777216, logicalSessionTimeoutMinutes=30, roundTripTimeNanos=1083890}
2019-01-31 16:45:39 INFO  connection:71 - Opened connection [connectionId{localValue:4, serverValue:544}] to localhost:27017
2019-01-31 18:42:23 INFO  cluster:71 - Cluster created with settings {hosts=[localhost:27017], mode=SINGLE, requiredClusterType=UNKNOWN, serverSelectionTimeout='30000 ms', maxWaitQueueSize=500}
2019-01-31 18:42:23 INFO  cluster:71 - Cluster description not yet available. Waiting for 30000 ms before timing out
2019-01-31 18:42:23 INFO  connection:71 - Opened connection [connectionId{localValue:1, serverValue:545}] to localhost:27017
2019-01-31 18:42:23 INFO  cluster:71 - Monitor thread successfully connected to server with description ServerDescription{address=localhost:27017, type=STANDALONE, state=CONNECTED, ok=true, version=ServerVersion{versionList=[4, 0, 3]}, minWireVersion=0, maxWireVersion=7, maxDocumentSize=16777216, logicalSessionTimeoutMinutes=30, roundTripTimeNanos=4380700}
2019-01-31 18:42:23 INFO  connection:71 - Opened connection [connectionId{localValue:2, serverValue:546}] to localhost:27017
2019-01-31 18:42:23 INFO  cluster:71 - Cluster created with settings {hosts=[localhost:27017], mode=SINGLE, requiredClusterType=UNKNOWN, serverSelectionTimeout='30000 ms', maxWaitQueueSize=500}
2019-01-31 18:42:23 INFO  connection:71 - Opened connection [connectionId{localValue:3, serverValue:547}] to localhost:27017
2019-01-31 18:42:23 INFO  cluster:71 - Monitor thread successfully connected to server with description ServerDescription{address=localhost:27017, type=STANDALONE, state=CONNECTED, ok=true, version=ServerVersion{versionList=[4, 0, 3]}, minWireVersion=0, maxWireVersion=7, maxDocumentSize=16777216, logicalSessionTimeoutMinutes=30, roundTripTimeNanos=957701}
2019-01-31 18:42:26 INFO  connection:71 - Opened connection [connectionId{localValue:4, serverValue:548}] to localhost:27017
2019-01-31 18:43:00 INFO  cluster:71 - Cluster created with settings {hosts=[localhost:27017], mode=SINGLE, requiredClusterType=UNKNOWN, serverSelectionTimeout='30000 ms', maxWaitQueueSize=500}
2019-01-31 18:43:00 INFO  cluster:71 - Cluster description not yet available. Waiting for 30000 ms before timing out
2019-01-31 18:43:00 INFO  connection:71 - Opened connection [connectionId{localValue:1, serverValue:549}] to localhost:27017
2019-01-31 18:43:00 INFO  cluster:71 - Monitor thread successfully connected to server with description ServerDescription{address=localhost:27017, type=STANDALONE, state=CONNECTED, ok=true, version=ServerVersion{versionList=[4, 0, 3]}, minWireVersion=0, maxWireVersion=7, maxDocumentSize=16777216, logicalSessionTimeoutMinutes=30, roundTripTimeNanos=3695382}
2019-01-31 18:43:00 INFO  connection:71 - Opened connection [connectionId{localValue:2, serverValue:550}] to localhost:27017
2019-01-31 18:43:00 INFO  cluster:71 - Cluster created with settings {hosts=[localhost:27017], mode=SINGLE, requiredClusterType=UNKNOWN, serverSelectionTimeout='30000 ms', maxWaitQueueSize=500}
2019-01-31 18:43:00 INFO  connection:71 - Opened connection [connectionId{localValue:3, serverValue:551}] to localhost:27017
2019-01-31 18:43:00 INFO  cluster:71 - Monitor thread successfully connected to server with description ServerDescription{address=localhost:27017, type=STANDALONE, state=CONNECTED, ok=true, version=ServerVersion{versionList=[4, 0, 3]}, minWireVersion=0, maxWireVersion=7, maxDocumentSize=16777216, logicalSessionTimeoutMinutes=30, roundTripTimeNanos=1307541}
2019-01-31 18:43:03 INFO  connection:71 - Opened connection [connectionId{localValue:4, serverValue:552}] to localhost:27017
2019-01-31 19:08:33 INFO  cluster:71 - Cluster created with settings {hosts=[localhost:27017], mode=SINGLE, requiredClusterType=UNKNOWN, serverSelectionTimeout='30000 ms', maxWaitQueueSize=500}
2019-01-31 19:08:33 INFO  cluster:71 - Cluster description not yet available. Waiting for 30000 ms before timing out
2019-01-31 19:08:33 INFO  connection:71 - Opened connection [connectionId{localValue:1, serverValue:553}] to localhost:27017
2019-01-31 19:08:33 INFO  cluster:71 - Monitor thread successfully connected to server with description ServerDescription{address=localhost:27017, type=STANDALONE, state=CONNECTED, ok=true, version=ServerVersion{versionList=[4, 0, 3]}, minWireVersion=0, maxWireVersion=7, maxDocumentSize=16777216, logicalSessionTimeoutMinutes=30, roundTripTimeNanos=3874919}
2019-01-31 19:08:33 INFO  connection:71 - Opened connection [connectionId{localValue:2, serverValue:554}] to localhost:27017
2019-01-31 19:08:33 INFO  cluster:71 - Cluster created with settings {hosts=[localhost:27017], mode=SINGLE, requiredClusterType=UNKNOWN, serverSelectionTimeout='30000 ms', maxWaitQueueSize=500}
2019-01-31 19:08:33 INFO  connection:71 - Opened connection [connectionId{localValue:3, serverValue:555}] to localhost:27017
2019-01-31 19:08:33 INFO  cluster:71 - Monitor thread successfully connected to server with description ServerDescription{address=localhost:27017, type=STANDALONE, state=CONNECTED, ok=true, version=ServerVersion{versionList=[4, 0, 3]}, minWireVersion=0, maxWireVersion=7, maxDocumentSize=16777216, logicalSessionTimeoutMinutes=30, roundTripTimeNanos=1013614}
2019-01-31 19:08:35 INFO  connection:71 - Opened connection [connectionId{localValue:4, serverValue:556}] to localhost:27017
2019-01-31 19:08:45 INFO  cluster:71 - Cluster created with settings {hosts=[localhost:27017], mode=SINGLE, requiredClusterType=UNKNOWN, serverSelectionTimeout='30000 ms', maxWaitQueueSize=500}
2019-01-31 19:08:45 INFO  cluster:71 - Cluster description not yet available. Waiting for 30000 ms before timing out
2019-01-31 19:08:45 INFO  connection:71 - Opened connection [connectionId{localValue:1, serverValue:557}] to localhost:27017
2019-01-31 19:08:45 INFO  cluster:71 - Monitor thread successfully connected to server with description ServerDescription{address=localhost:27017, type=STANDALONE, state=CONNECTED, ok=true, version=ServerVersion{versionList=[4, 0, 3]}, minWireVersion=0, maxWireVersion=7, maxDocumentSize=16777216, logicalSessionTimeoutMinutes=30, roundTripTimeNanos=3228587}
2019-01-31 19:08:45 INFO  connection:71 - Opened connection [connectionId{localValue:2, serverValue:558}] to localhost:27017
2019-01-31 19:08:45 INFO  cluster:71 - Cluster created with settings {hosts=[localhost:27017], mode=SINGLE, requiredClusterType=UNKNOWN, serverSelectionTimeout='30000 ms', maxWaitQueueSize=500}
2019-01-31 19:08:45 INFO  connection:71 - Opened connection [connectionId{localValue:3, serverValue:559}] to localhost:27017
2019-01-31 19:08:45 INFO  cluster:71 - Monitor thread successfully connected to server with description ServerDescription{address=localhost:27017, type=STANDALONE, state=CONNECTED, ok=true, version=ServerVersion{versionList=[4, 0, 3]}, minWireVersion=0, maxWireVersion=7, maxDocumentSize=16777216, logicalSessionTimeoutMinutes=30, roundTripTimeNanos=1135186}
2019-01-31 19:08:47 INFO  connection:71 - Opened connection [connectionId{localValue:4, serverValue:560}] to localhost:27017
2019-01-31 19:09:00 INFO  cluster:71 - Cluster created with settings {hosts=[localhost:27017], mode=SINGLE, requiredClusterType=UNKNOWN, serverSelectionTimeout='30000 ms', maxWaitQueueSize=500}
2019-01-31 19:09:00 INFO  cluster:71 - Cluster description not yet available. Waiting for 30000 ms before timing out
2019-01-31 19:09:00 INFO  connection:71 - Opened connection [connectionId{localValue:1, serverValue:561}] to localhost:27017
2019-01-31 19:09:00 INFO  cluster:71 - Monitor thread successfully connected to server with description ServerDescription{address=localhost:27017, type=STANDALONE, state=CONNECTED, ok=true, version=ServerVersion{versionList=[4, 0, 3]}, minWireVersion=0, maxWireVersion=7, maxDocumentSize=16777216, logicalSessionTimeoutMinutes=30, roundTripTimeNanos=3208581}
2019-01-31 19:09:00 INFO  connection:71 - Opened connection [connectionId{localValue:2, serverValue:562}] to localhost:27017
2019-01-31 19:09:00 INFO  cluster:71 - Cluster created with settings {hosts=[localhost:27017], mode=SINGLE, requiredClusterType=UNKNOWN, serverSelectionTimeout='30000 ms', maxWaitQueueSize=500}
2019-01-31 19:09:00 INFO  connection:71 - Opened connection [connectionId{localValue:3, serverValue:563}] to localhost:27017
2019-01-31 19:09:00 INFO  cluster:71 - Monitor thread successfully connected to server with description ServerDescription{address=localhost:27017, type=STANDALONE, state=CONNECTED, ok=true, version=ServerVersion{versionList=[4, 0, 3]}, minWireVersion=0, maxWireVersion=7, maxDocumentSize=16777216, logicalSessionTimeoutMinutes=30, roundTripTimeNanos=1040288}
2019-01-31 19:09:03 INFO  connection:71 - Opened connection [connectionId{localValue:4, serverValue:564}] to localhost:27017
2019-01-31 20:00:25 INFO  cluster:71 - Cluster created with settings {hosts=[localhost:27017], mode=SINGLE, requiredClusterType=UNKNOWN, serverSelectionTimeout='30000 ms', maxWaitQueueSize=500}
2019-01-31 20:00:25 INFO  cluster:71 - Cluster description not yet available. Waiting for 30000 ms before timing out
2019-01-31 20:00:25 INFO  connection:71 - Opened connection [connectionId{localValue:1, serverValue:565}] to localhost:27017
2019-01-31 20:00:25 INFO  cluster:71 - Monitor thread successfully connected to server with description ServerDescription{address=localhost:27017, type=STANDALONE, state=CONNECTED, ok=true, version=ServerVersion{versionList=[4, 0, 3]}, minWireVersion=0, maxWireVersion=7, maxDocumentSize=16777216, logicalSessionTimeoutMinutes=30, roundTripTimeNanos=4224760}
2019-01-31 20:00:25 INFO  connection:71 - Opened connection [connectionId{localValue:2, serverValue:566}] to localhost:27017
2019-01-31 20:00:25 INFO  cluster:71 - Cluster created with settings {hosts=[localhost:27017], mode=SINGLE, requiredClusterType=UNKNOWN, serverSelectionTimeout='30000 ms', maxWaitQueueSize=500}
2019-01-31 20:00:25 INFO  connection:71 - Opened connection [connectionId{localValue:3, serverValue:567}] to localhost:27017
2019-01-31 20:00:25 INFO  cluster:71 - Monitor thread successfully connected to server with description ServerDescription{address=localhost:27017, type=STANDALONE, state=CONNECTED, ok=true, version=ServerVersion{versionList=[4, 0, 3]}, minWireVersion=0, maxWireVersion=7, maxDocumentSize=16777216, logicalSessionTimeoutMinutes=30, roundTripTimeNanos=1005407}
2019-01-31 20:00:27 INFO  connection:71 - Opened connection [connectionId{localValue:4, serverValue:568}] to localhost:27017
2019-01-31 20:00:52 INFO  cluster:71 - Cluster created with settings {hosts=[localhost:27017], mode=SINGLE, requiredClusterType=UNKNOWN, serverSelectionTimeout='30000 ms', maxWaitQueueSize=500}
2019-01-31 20:00:52 INFO  cluster:71 - Cluster description not yet available. Waiting for 30000 ms before timing out
2019-01-31 20:00:52 INFO  connection:71 - Opened connection [connectionId{localValue:1, serverValue:569}] to localhost:27017
2019-01-31 20:00:52 INFO  cluster:71 - Monitor thread successfully connected to server with description ServerDescription{address=localhost:27017, type=STANDALONE, state=CONNECTED, ok=true, version=ServerVersion{versionList=[4, 0, 3]}, minWireVersion=0, maxWireVersion=7, maxDocumentSize=16777216, logicalSessionTimeoutMinutes=30, roundTripTimeNanos=3309121}
2019-01-31 20:00:52 INFO  connection:71 - Opened connection [connectionId{localValue:2, serverValue:570}] to localhost:27017
2019-01-31 20:00:52 INFO  cluster:71 - Cluster created with settings {hosts=[localhost:27017], mode=SINGLE, requiredClusterType=UNKNOWN, serverSelectionTimeout='30000 ms', maxWaitQueueSize=500}
2019-01-31 20:00:52 INFO  connection:71 - Opened connection [connectionId{localValue:3, serverValue:571}] to localhost:27017
2019-01-31 20:00:52 INFO  cluster:71 - Monitor thread successfully connected to server with description ServerDescription{address=localhost:27017, type=STANDALONE, state=CONNECTED, ok=true, version=ServerVersion{versionList=[4, 0, 3]}, minWireVersion=0, maxWireVersion=7, maxDocumentSize=16777216, logicalSessionTimeoutMinutes=30, roundTripTimeNanos=988479}
2019-01-31 20:00:55 INFO  connection:71 - Opened connection [connectionId{localValue:4, serverValue:572}] to localhost:27017
2019-01-31 20:07:24 INFO  cluster:71 - Cluster created with settings {hosts=[localhost:27017], mode=SINGLE, requiredClusterType=UNKNOWN, serverSelectionTimeout='30000 ms', maxWaitQueueSize=500}
2019-01-31 20:07:24 INFO  cluster:71 - Cluster description not yet available. Waiting for 30000 ms before timing out
2019-01-31 20:07:24 INFO  connection:71 - Opened connection [connectionId{localValue:1, serverValue:573}] to localhost:27017
2019-01-31 20:07:24 INFO  cluster:71 - Monitor thread successfully connected to server with description ServerDescription{address=localhost:27017, type=STANDALONE, state=CONNECTED, ok=true, version=ServerVersion{versionList=[4, 0, 3]}, minWireVersion=0, maxWireVersion=7, maxDocumentSize=16777216, logicalSessionTimeoutMinutes=30, roundTripTimeNanos=3123942}
2019-01-31 20:07:24 INFO  connection:71 - Opened connection [connectionId{localValue:2, serverValue:574}] to localhost:27017
2019-01-31 20:07:24 INFO  cluster:71 - Cluster created with settings {hosts=[localhost:27017], mode=SINGLE, requiredClusterType=UNKNOWN, serverSelectionTimeout='30000 ms', maxWaitQueueSize=500}
2019-01-31 20:07:24 INFO  connection:71 - Opened connection [connectionId{localValue:3, serverValue:575}] to localhost:27017
2019-01-31 20:07:24 INFO  cluster:71 - Monitor thread successfully connected to server with description ServerDescription{address=localhost:27017, type=STANDALONE, state=CONNECTED, ok=true, version=ServerVersion{versionList=[4, 0, 3]}, minWireVersion=0, maxWireVersion=7, maxDocumentSize=16777216, logicalSessionTimeoutMinutes=30, roundTripTimeNanos=983349}
2019-01-31 20:07:27 INFO  connection:71 - Opened connection [connectionId{localValue:4, serverValue:576}] to localhost:27017
2019-01-31 20:07:36 INFO  cluster:71 - Cluster created with settings {hosts=[localhost:27017], mode=SINGLE, requiredClusterType=UNKNOWN, serverSelectionTimeout='30000 ms', maxWaitQueueSize=500}
2019-01-31 20:07:36 INFO  cluster:71 - Cluster description not yet available. Waiting for 30000 ms before timing out
2019-01-31 20:07:36 INFO  connection:71 - Opened connection [connectionId{localValue:1, serverValue:577}] to localhost:27017
2019-01-31 20:07:36 INFO  cluster:71 - Monitor thread successfully connected to server with description ServerDescription{address=localhost:27017, type=STANDALONE, state=CONNECTED, ok=true, version=ServerVersion{versionList=[4, 0, 3]}, minWireVersion=0, maxWireVersion=7, maxDocumentSize=16777216, logicalSessionTimeoutMinutes=30, roundTripTimeNanos=3829266}
2019-01-31 20:07:36 INFO  connection:71 - Opened connection [connectionId{localValue:2, serverValue:578}] to localhost:27017
2019-01-31 20:07:36 INFO  cluster:71 - Cluster created with settings {hosts=[localhost:27017], mode=SINGLE, requiredClusterType=UNKNOWN, serverSelectionTimeout='30000 ms', maxWaitQueueSize=500}
2019-01-31 20:07:36 INFO  connection:71 - Opened connection [connectionId{localValue:3, serverValue:579}] to localhost:27017
2019-01-31 20:07:36 INFO  cluster:71 - Monitor thread successfully connected to server with description ServerDescription{address=localhost:27017, type=STANDALONE, state=CONNECTED, ok=true, version=ServerVersion{versionList=[4, 0, 3]}, minWireVersion=0, maxWireVersion=7, maxDocumentSize=16777216, logicalSessionTimeoutMinutes=30, roundTripTimeNanos=1143907}
2019-01-31 20:07:38 INFO  connection:71 - Opened connection [connectionId{localValue:4, serverValue:580}] to localhost:27017
2019-01-31 20:09:52 INFO  cluster:71 - Cluster created with settings {hosts=[localhost:27017], mode=SINGLE, requiredClusterType=UNKNOWN, serverSelectionTimeout='30000 ms', maxWaitQueueSize=500}
2019-01-31 20:09:52 INFO  cluster:71 - Cluster description not yet available. Waiting for 30000 ms before timing out
2019-01-31 20:09:52 INFO  connection:71 - Opened connection [connectionId{localValue:1, serverValue:581}] to localhost:27017
2019-01-31 20:09:52 INFO  cluster:71 - Monitor thread successfully connected to server with description ServerDescription{address=localhost:27017, type=STANDALONE, state=CONNECTED, ok=true, version=ServerVersion{versionList=[4, 0, 3]}, minWireVersion=0, maxWireVersion=7, maxDocumentSize=16777216, logicalSessionTimeoutMinutes=30, roundTripTimeNanos=3436336}
2019-01-31 20:09:52 INFO  connection:71 - Opened connection [connectionId{localValue:2, serverValue:582}] to localhost:27017
2019-01-31 20:09:52 INFO  cluster:71 - Cluster created with settings {hosts=[localhost:27017], mode=SINGLE, requiredClusterType=UNKNOWN, serverSelectionTimeout='30000 ms', maxWaitQueueSize=500}
2019-01-31 20:09:52 INFO  connection:71 - Opened connection [connectionId{localValue:3, serverValue:583}] to localhost:27017
2019-01-31 20:09:52 INFO  cluster:71 - Monitor thread successfully connected to server with description ServerDescription{address=localhost:27017, type=STANDALONE, state=CONNECTED, ok=true, version=ServerVersion{versionList=[4, 0, 3]}, minWireVersion=0, maxWireVersion=7, maxDocumentSize=16777216, logicalSessionTimeoutMinutes=30, roundTripTimeNanos=1204436}
2019-01-31 20:09:53 INFO  connection:71 - Opened connection [connectionId{localValue:4, serverValue:584}] to localhost:27017
2019-01-31 21:59:43 INFO  cluster:71 - Cluster created with settings {hosts=[localhost:27017], mode=SINGLE, requiredClusterType=UNKNOWN, serverSelectionTimeout='30000 ms', maxWaitQueueSize=500}
2019-01-31 21:59:43 INFO  cluster:71 - Cluster description not yet available. Waiting for 30000 ms before timing out
2019-01-31 21:59:43 INFO  connection:71 - Opened connection [connectionId{localValue:1, serverValue:585}] to localhost:27017
2019-01-31 21:59:43 INFO  cluster:71 - Monitor thread successfully connected to server with description ServerDescription{address=localhost:27017, type=STANDALONE, state=CONNECTED, ok=true, version=ServerVersion{versionList=[4, 0, 3]}, minWireVersion=0, maxWireVersion=7, maxDocumentSize=16777216, logicalSessionTimeoutMinutes=30, roundTripTimeNanos=4060099}
2019-01-31 21:59:43 INFO  connection:71 - Opened connection [connectionId{localValue:2, serverValue:586}] to localhost:27017
2019-01-31 21:59:43 INFO  cluster:71 - Cluster created with settings {hosts=[localhost:27017], mode=SINGLE, requiredClusterType=UNKNOWN, serverSelectionTimeout='30000 ms', maxWaitQueueSize=500}
2019-01-31 21:59:43 INFO  connection:71 - Opened connection [connectionId{localValue:3, serverValue:587}] to localhost:27017
2019-01-31 21:59:43 INFO  cluster:71 - Monitor thread successfully connected to server with description ServerDescription{address=localhost:27017, type=STANDALONE, state=CONNECTED, ok=true, version=ServerVersion{versionList=[4, 0, 3]}, minWireVersion=0, maxWireVersion=7, maxDocumentSize=16777216, logicalSessionTimeoutMinutes=30, roundTripTimeNanos=1177762}
2019-01-31 21:59:44 INFO  connection:71 - Opened connection [connectionId{localValue:4, serverValue:588}] to localhost:27017
2019-01-31 22:00:50 INFO  cluster:71 - Cluster created with settings {hosts=[localhost:27017], mode=SINGLE, requiredClusterType=UNKNOWN, serverSelectionTimeout='30000 ms', maxWaitQueueSize=500}
2019-01-31 22:00:50 INFO  cluster:71 - Cluster description not yet available. Waiting for 30000 ms before timing out
2019-01-31 22:00:50 INFO  connection:71 - Opened connection [connectionId{localValue:1, serverValue:589}] to localhost:27017
2019-01-31 22:00:50 INFO  cluster:71 - Monitor thread successfully connected to server with description ServerDescription{address=localhost:27017, type=STANDALONE, state=CONNECTED, ok=true, version=ServerVersion{versionList=[4, 0, 3]}, minWireVersion=0, maxWireVersion=7, maxDocumentSize=16777216, logicalSessionTimeoutMinutes=30, roundTripTimeNanos=4232454}
2019-01-31 22:00:50 INFO  connection:71 - Opened connection [connectionId{localValue:2, serverValue:590}] to localhost:27017
2019-01-31 22:00:50 INFO  cluster:71 - Cluster created with settings {hosts=[localhost:27017], mode=SINGLE, requiredClusterType=UNKNOWN, serverSelectionTimeout='30000 ms', maxWaitQueueSize=500}
2019-01-31 22:00:50 INFO  connection:71 - Opened connection [connectionId{localValue:3, serverValue:591}] to localhost:27017
2019-01-31 22:00:50 INFO  cluster:71 - Monitor thread successfully connected to server with description ServerDescription{address=localhost:27017, type=STANDALONE, state=CONNECTED, ok=true, version=ServerVersion{versionList=[4, 0, 3]}, minWireVersion=0, maxWireVersion=7, maxDocumentSize=16777216, logicalSessionTimeoutMinutes=30, roundTripTimeNanos=1098253}
2019-01-31 22:00:51 INFO  connection:71 - Opened connection [connectionId{localValue:4, serverValue:592}] to localhost:27017
2019-01-31 22:05:08 INFO  cluster:71 - Cluster created with settings {hosts=[localhost:27017], mode=SINGLE, requiredClusterType=UNKNOWN, serverSelectionTimeout='30000 ms', maxWaitQueueSize=500}
2019-01-31 22:05:08 INFO  cluster:71 - Cluster description not yet available. Waiting for 30000 ms before timing out
2019-01-31 22:05:08 INFO  connection:71 - Opened connection [connectionId{localValue:1, serverValue:593}] to localhost:27017
2019-01-31 22:05:08 INFO  cluster:71 - Monitor thread successfully connected to server with description ServerDescription{address=localhost:27017, type=STANDALONE, state=CONNECTED, ok=true, version=ServerVersion{versionList=[4, 0, 3]}, minWireVersion=0, maxWireVersion=7, maxDocumentSize=16777216, logicalSessionTimeoutMinutes=30, roundTripTimeNanos=3119838}
2019-01-31 22:05:08 INFO  connection:71 - Opened connection [connectionId{localValue:2, serverValue:594}] to localhost:27017
2019-01-31 22:05:08 INFO  cluster:71 - Cluster created with settings {hosts=[localhost:27017], mode=SINGLE, requiredClusterType=UNKNOWN, serverSelectionTimeout='30000 ms', maxWaitQueueSize=500}
2019-01-31 22:05:08 INFO  connection:71 - Opened connection [connectionId{localValue:3, serverValue:595}] to localhost:27017
2019-01-31 22:05:08 INFO  cluster:71 - Monitor thread successfully connected to server with description ServerDescription{address=localhost:27017, type=STANDALONE, state=CONNECTED, ok=true, version=ServerVersion{versionList=[4, 0, 3]}, minWireVersion=0, maxWireVersion=7, maxDocumentSize=16777216, logicalSessionTimeoutMinutes=30, roundTripTimeNanos=963857}
2019-01-31 22:05:11 INFO  connection:71 - Opened connection [connectionId{localValue:4, serverValue:596}] to localhost:27017
2019-01-31 22:05:53 INFO  cluster:71 - Cluster created with settings {hosts=[localhost:27017], mode=SINGLE, requiredClusterType=UNKNOWN, serverSelectionTimeout='30000 ms', maxWaitQueueSize=500}
2019-01-31 22:05:53 INFO  cluster:71 - Cluster description not yet available. Waiting for 30000 ms before timing out
2019-01-31 22:05:53 INFO  connection:71 - Opened connection [connectionId{localValue:1, serverValue:597}] to localhost:27017
2019-01-31 22:05:53 INFO  cluster:71 - Monitor thread successfully connected to server with description ServerDescription{address=localhost:27017, type=STANDALONE, state=CONNECTED, ok=true, version=ServerVersion{versionList=[4, 0, 3]}, minWireVersion=0, maxWireVersion=7, maxDocumentSize=16777216, logicalSessionTimeoutMinutes=30, roundTripTimeNanos=3434284}
2019-01-31 22:05:53 INFO  connection:71 - Opened connection [connectionId{localValue:2, serverValue:598}] to localhost:27017
2019-01-31 22:05:53 INFO  cluster:71 - Cluster created with settings {hosts=[localhost:27017], mode=SINGLE, requiredClusterType=UNKNOWN, serverSelectionTimeout='30000 ms', maxWaitQueueSize=500}
2019-01-31 22:05:53 INFO  connection:71 - Opened connection [connectionId{localValue:3, serverValue:599}] to localhost:27017
2019-01-31 22:05:53 INFO  cluster:71 - Monitor thread successfully connected to server with description ServerDescription{address=localhost:27017, type=STANDALONE, state=CONNECTED, ok=true, version=ServerVersion{versionList=[4, 0, 3]}, minWireVersion=0, maxWireVersion=7, maxDocumentSize=16777216, logicalSessionTimeoutMinutes=30, roundTripTimeNanos=1187509}
2019-01-31 22:05:56 INFO  connection:71 - Opened connection [connectionId{localValue:4, serverValue:600}] to localhost:27017
2019-01-31 22:11:29 INFO  cluster:71 - Cluster created with settings {hosts=[localhost:27017], mode=SINGLE, requiredClusterType=UNKNOWN, serverSelectionTimeout='30000 ms', maxWaitQueueSize=500}
2019-01-31 22:11:29 INFO  cluster:71 - Cluster description not yet available. Waiting for 30000 ms before timing out
2019-01-31 22:11:29 INFO  connection:71 - Opened connection [connectionId{localValue:1, serverValue:601}] to localhost:27017
2019-01-31 22:11:29 INFO  cluster:71 - Monitor thread successfully connected to server with description ServerDescription{address=localhost:27017, type=STANDALONE, state=CONNECTED, ok=true, version=ServerVersion{versionList=[4, 0, 3]}, minWireVersion=0, maxWireVersion=7, maxDocumentSize=16777216, logicalSessionTimeoutMinutes=30, roundTripTimeNanos=3995465}
2019-01-31 22:11:29 INFO  connection:71 - Opened connection [connectionId{localValue:2, serverValue:602}] to localhost:27017
2019-01-31 22:11:29 INFO  cluster:71 - Cluster created with settings {hosts=[localhost:27017], mode=SINGLE, requiredClusterType=UNKNOWN, serverSelectionTimeout='30000 ms', maxWaitQueueSize=500}
2019-01-31 22:11:29 INFO  connection:71 - Opened connection [connectionId{localValue:3, serverValue:603}] to localhost:27017
2019-01-31 22:11:29 INFO  cluster:71 - Monitor thread successfully connected to server with description ServerDescription{address=localhost:27017, type=STANDALONE, state=CONNECTED, ok=true, version=ServerVersion{versionList=[4, 0, 3]}, minWireVersion=0, maxWireVersion=7, maxDocumentSize=16777216, logicalSessionTimeoutMinutes=30, roundTripTimeNanos=1236752}
2019-01-31 22:11:30 INFO  connection:71 - Opened connection [connectionId{localValue:4, serverValue:604}] to localhost:27017
2019-01-31 22:12:43 INFO  cluster:71 - Cluster created with settings {hosts=[localhost:27017], mode=SINGLE, requiredClusterType=UNKNOWN, serverSelectionTimeout='30000 ms', maxWaitQueueSize=500}
2019-01-31 22:12:43 INFO  cluster:71 - Cluster description not yet available. Waiting for 30000 ms before timing out
2019-01-31 22:12:43 INFO  connection:71 - Opened connection [connectionId{localValue:1, serverValue:605}] to localhost:27017
2019-01-31 22:12:43 INFO  cluster:71 - Monitor thread successfully connected to server with description ServerDescription{address=localhost:27017, type=STANDALONE, state=CONNECTED, ok=true, version=ServerVersion{versionList=[4, 0, 3]}, minWireVersion=0, maxWireVersion=7, maxDocumentSize=16777216, logicalSessionTimeoutMinutes=30, roundTripTimeNanos=3632288}
2019-01-31 22:12:43 INFO  connection:71 - Opened connection [connectionId{localValue:2, serverValue:606}] to localhost:27017
2019-01-31 22:12:43 INFO  cluster:71 - Cluster created with settings {hosts=[localhost:27017], mode=SINGLE, requiredClusterType=UNKNOWN, serverSelectionTimeout='30000 ms', maxWaitQueueSize=500}
2019-01-31 22:12:43 INFO  connection:71 - Opened connection [connectionId{localValue:3, serverValue:607}] to localhost:27017
2019-01-31 22:12:43 INFO  cluster:71 - Monitor thread successfully connected to server with description ServerDescription{address=localhost:27017, type=STANDALONE, state=CONNECTED, ok=true, version=ServerVersion{versionList=[4, 0, 3]}, minWireVersion=0, maxWireVersion=7, maxDocumentSize=16777216, logicalSessionTimeoutMinutes=30, roundTripTimeNanos=1936947}
2019-01-31 22:12:45 INFO  connection:71 - Opened connection [connectionId{localValue:4, serverValue:608}] to localhost:27017
2019-01-31 22:17:26 INFO  cluster:71 - Cluster created with settings {hosts=[localhost:27017], mode=SINGLE, requiredClusterType=UNKNOWN, serverSelectionTimeout='30000 ms', maxWaitQueueSize=500}
2019-01-31 22:17:26 INFO  cluster:71 - Cluster description not yet available. Waiting for 30000 ms before timing out
2019-01-31 22:17:26 INFO  connection:71 - Opened connection [connectionId{localValue:1, serverValue:609}] to localhost:27017
2019-01-31 22:17:26 INFO  cluster:71 - Monitor thread successfully connected to server with description ServerDescription{address=localhost:27017, type=STANDALONE, state=CONNECTED, ok=true, version=ServerVersion{versionList=[4, 0, 3]}, minWireVersion=0, maxWireVersion=7, maxDocumentSize=16777216, logicalSessionTimeoutMinutes=30, roundTripTimeNanos=5704143}
2019-01-31 22:17:26 INFO  connection:71 - Opened connection [connectionId{localValue:2, serverValue:610}] to localhost:27017
2019-01-31 22:17:26 INFO  cluster:71 - Cluster created with settings {hosts=[localhost:27017], mode=SINGLE, requiredClusterType=UNKNOWN, serverSelectionTimeout='30000 ms', maxWaitQueueSize=500}
2019-01-31 22:17:26 INFO  connection:71 - Opened connection [connectionId{localValue:3, serverValue:611}] to localhost:27017
2019-01-31 22:17:26 INFO  cluster:71 - Monitor thread successfully connected to server with description ServerDescription{address=localhost:27017, type=STANDALONE, state=CONNECTED, ok=true, version=ServerVersion{versionList=[4, 0, 3]}, minWireVersion=0, maxWireVersion=7, maxDocumentSize=16777216, logicalSessionTimeoutMinutes=30, roundTripTimeNanos=1308568}
2019-01-31 22:17:28 INFO  connection:71 - Opened connection [connectionId{localValue:4, serverValue:612}] to localhost:27017
2019-01-31 22:18:51 INFO  cluster:71 - Cluster created with settings {hosts=[localhost:27017], mode=SINGLE, requiredClusterType=UNKNOWN, serverSelectionTimeout='30000 ms', maxWaitQueueSize=500}
2019-01-31 22:18:51 INFO  cluster:71 - Cluster description not yet available. Waiting for 30000 ms before timing out
2019-01-31 22:18:51 INFO  connection:71 - Opened connection [connectionId{localValue:1, serverValue:613}] to localhost:27017
2019-01-31 22:18:51 INFO  cluster:71 - Monitor thread successfully connected to server with description ServerDescription{address=localhost:27017, type=STANDALONE, state=CONNECTED, ok=true, version=ServerVersion{versionList=[4, 0, 3]}, minWireVersion=0, maxWireVersion=7, maxDocumentSize=16777216, logicalSessionTimeoutMinutes=30, roundTripTimeNanos=4558699}
2019-01-31 22:18:51 INFO  connection:71 - Opened connection [connectionId{localValue:2, serverValue:614}] to localhost:27017
2019-01-31 22:18:51 INFO  cluster:71 - Cluster created with settings {hosts=[localhost:27017], mode=SINGLE, requiredClusterType=UNKNOWN, serverSelectionTimeout='30000 ms', maxWaitQueueSize=500}
2019-01-31 22:18:51 INFO  connection:71 - Opened connection [connectionId{localValue:3, serverValue:615}] to localhost:27017
2019-01-31 22:18:51 INFO  cluster:71 - Monitor thread successfully connected to server with description ServerDescription{address=localhost:27017, type=STANDALONE, state=CONNECTED, ok=true, version=ServerVersion{versionList=[4, 0, 3]}, minWireVersion=0, maxWireVersion=7, maxDocumentSize=16777216, logicalSessionTimeoutMinutes=30, roundTripTimeNanos=899223}
2019-01-31 22:18:54 INFO  connection:71 - Opened connection [connectionId{localValue:4, serverValue:616}] to localhost:27017
2019-01-31 22:19:51 INFO  cluster:71 - Cluster created with settings {hosts=[localhost:27017], mode=SINGLE, requiredClusterType=UNKNOWN, serverSelectionTimeout='30000 ms', maxWaitQueueSize=500}
2019-01-31 22:19:52 INFO  cluster:71 - Cluster description not yet available. Waiting for 30000 ms before timing out
2019-01-31 22:19:52 INFO  connection:71 - Opened connection [connectionId{localValue:1, serverValue:617}] to localhost:27017
2019-01-31 22:19:52 INFO  cluster:71 - Monitor thread successfully connected to server with description ServerDescription{address=localhost:27017, type=STANDALONE, state=CONNECTED, ok=true, version=ServerVersion{versionList=[4, 0, 3]}, minWireVersion=0, maxWireVersion=7, maxDocumentSize=16777216, logicalSessionTimeoutMinutes=30, roundTripTimeNanos=3823110}
2019-01-31 22:19:52 INFO  connection:71 - Opened connection [connectionId{localValue:2, serverValue:618}] to localhost:27017
2019-01-31 22:19:52 INFO  cluster:71 - Cluster created with settings {hosts=[localhost:27017], mode=SINGLE, requiredClusterType=UNKNOWN, serverSelectionTimeout='30000 ms', maxWaitQueueSize=500}
2019-01-31 22:19:52 INFO  connection:71 - Opened connection [connectionId{localValue:3, serverValue:619}] to localhost:27017
2019-01-31 22:19:52 INFO  cluster:71 - Monitor thread successfully connected to server with description ServerDescription{address=localhost:27017, type=STANDALONE, state=CONNECTED, ok=true, version=ServerVersion{versionList=[4, 0, 3]}, minWireVersion=0, maxWireVersion=7, maxDocumentSize=16777216, logicalSessionTimeoutMinutes=30, roundTripTimeNanos=1171094}
2019-01-31 22:19:54 INFO  connection:71 - Opened connection [connectionId{localValue:4, serverValue:620}] to localhost:27017
2019-01-31 22:20:39 INFO  cluster:71 - Cluster created with settings {hosts=[localhost:27017], mode=SINGLE, requiredClusterType=UNKNOWN, serverSelectionTimeout='30000 ms', maxWaitQueueSize=500}
2019-01-31 22:20:39 INFO  cluster:71 - Cluster description not yet available. Waiting for 30000 ms before timing out
2019-01-31 22:20:39 INFO  connection:71 - Opened connection [connectionId{localValue:1, serverValue:621}] to localhost:27017
2019-01-31 22:20:39 INFO  cluster:71 - Monitor thread successfully connected to server with description ServerDescription{address=localhost:27017, type=STANDALONE, state=CONNECTED, ok=true, version=ServerVersion{versionList=[4, 0, 3]}, minWireVersion=0, maxWireVersion=7, maxDocumentSize=16777216, logicalSessionTimeoutMinutes=30, roundTripTimeNanos=4087286}
2019-01-31 22:20:39 INFO  connection:71 - Opened connection [connectionId{localValue:2, serverValue:622}] to localhost:27017
2019-01-31 22:20:39 INFO  cluster:71 - Cluster created with settings {hosts=[localhost:27017], mode=SINGLE, requiredClusterType=UNKNOWN, serverSelectionTimeout='30000 ms', maxWaitQueueSize=500}
2019-01-31 22:20:39 INFO  connection:71 - Opened connection [connectionId{localValue:3, serverValue:623}] to localhost:27017
2019-01-31 22:20:39 INFO  cluster:71 - Monitor thread successfully connected to server with description ServerDescription{address=localhost:27017, type=STANDALONE, state=CONNECTED, ok=true, version=ServerVersion{versionList=[4, 0, 3]}, minWireVersion=0, maxWireVersion=7, maxDocumentSize=16777216, logicalSessionTimeoutMinutes=30, roundTripTimeNanos=1568639}
2019-01-31 22:20:40 INFO  connection:71 - Opened connection [connectionId{localValue:4, serverValue:624}] to localhost:27017
2019-01-31 22:22:59 INFO  cluster:71 - Cluster created with settings {hosts=[localhost:27017], mode=SINGLE, requiredClusterType=UNKNOWN, serverSelectionTimeout='30000 ms', maxWaitQueueSize=500}
2019-01-31 22:22:59 INFO  cluster:71 - Cluster description not yet available. Waiting for 30000 ms before timing out
2019-01-31 22:22:59 INFO  connection:71 - Opened connection [connectionId{localValue:1, serverValue:625}] to localhost:27017
2019-01-31 22:22:59 INFO  cluster:71 - Monitor thread successfully connected to server with description ServerDescription{address=localhost:27017, type=STANDALONE, state=CONNECTED, ok=true, version=ServerVersion{versionList=[4, 0, 3]}, minWireVersion=0, maxWireVersion=7, maxDocumentSize=16777216, logicalSessionTimeoutMinutes=30, roundTripTimeNanos=5552307}
2019-01-31 22:22:59 INFO  connection:71 - Opened connection [connectionId{localValue:2, serverValue:626}] to localhost:27017
2019-01-31 22:22:59 INFO  cluster:71 - Cluster created with settings {hosts=[localhost:27017], mode=SINGLE, requiredClusterType=UNKNOWN, serverSelectionTimeout='30000 ms', maxWaitQueueSize=500}
2019-01-31 22:22:59 INFO  connection:71 - Opened connection [connectionId{localValue:3, serverValue:627}] to localhost:27017
2019-01-31 22:22:59 INFO  cluster:71 - Monitor thread successfully connected to server with description ServerDescription{address=localhost:27017, type=STANDALONE, state=CONNECTED, ok=true, version=ServerVersion{versionList=[4, 0, 3]}, minWireVersion=0, maxWireVersion=7, maxDocumentSize=16777216, logicalSessionTimeoutMinutes=30, roundTripTimeNanos=2023637}
2019-01-31 22:23:02 INFO  connection:71 - Opened connection [connectionId{localValue:4, serverValue:628}] to localhost:27017
2019-01-31 22:27:32 INFO  cluster:71 - Cluster created with settings {hosts=[localhost:27017], mode=SINGLE, requiredClusterType=UNKNOWN, serverSelectionTimeout='30000 ms', maxWaitQueueSize=500}
2019-01-31 22:27:32 INFO  cluster:71 - Cluster description not yet available. Waiting for 30000 ms before timing out
2019-01-31 22:27:32 INFO  connection:71 - Opened connection [connectionId{localValue:1, serverValue:629}] to localhost:27017
2019-01-31 22:27:32 INFO  cluster:71 - Monitor thread successfully connected to server with description ServerDescription{address=localhost:27017, type=STANDALONE, state=CONNECTED, ok=true, version=ServerVersion{versionList=[4, 0, 3]}, minWireVersion=0, maxWireVersion=7, maxDocumentSize=16777216, logicalSessionTimeoutMinutes=30, roundTripTimeNanos=4051378}
2019-01-31 22:27:32 INFO  connection:71 - Opened connection [connectionId{localValue:2, serverValue:630}] to localhost:27017
2019-01-31 22:27:32 INFO  cluster:71 - Cluster created with settings {hosts=[localhost:27017], mode=SINGLE, requiredClusterType=UNKNOWN, serverSelectionTimeout='30000 ms', maxWaitQueueSize=500}
2019-01-31 22:27:32 INFO  connection:71 - Opened connection [connectionId{localValue:3, serverValue:631}] to localhost:27017
2019-01-31 22:27:32 INFO  cluster:71 - Monitor thread successfully connected to server with description ServerDescription{address=localhost:27017, type=STANDALONE, state=CONNECTED, ok=true, version=ServerVersion{versionList=[4, 0, 3]}, minWireVersion=0, maxWireVersion=7, maxDocumentSize=16777216, logicalSessionTimeoutMinutes=30, roundTripTimeNanos=1343961}
2019-01-31 22:27:35 INFO  connection:71 - Opened connection [connectionId{localValue:4, serverValue:632}] to localhost:27017
2019-01-31 22:30:50 INFO  cluster:71 - Cluster created with settings {hosts=[localhost:27017], mode=SINGLE, requiredClusterType=UNKNOWN, serverSelectionTimeout='30000 ms', maxWaitQueueSize=500}
2019-01-31 22:30:50 INFO  cluster:71 - Cluster description not yet available. Waiting for 30000 ms before timing out
2019-01-31 22:30:50 INFO  connection:71 - Opened connection [connectionId{localValue:1, serverValue:633}] to localhost:27017
2019-01-31 22:30:50 INFO  cluster:71 - Monitor thread successfully connected to server with description ServerDescription{address=localhost:27017, type=STANDALONE, state=CONNECTED, ok=true, version=ServerVersion{versionList=[4, 0, 3]}, minWireVersion=0, maxWireVersion=7, maxDocumentSize=16777216, logicalSessionTimeoutMinutes=30, roundTripTimeNanos=3261416}
2019-01-31 22:30:50 INFO  connection:71 - Opened connection [connectionId{localValue:2, serverValue:634}] to localhost:27017
2019-01-31 22:30:50 INFO  cluster:71 - Cluster created with settings {hosts=[localhost:27017], mode=SINGLE, requiredClusterType=UNKNOWN, serverSelectionTimeout='30000 ms', maxWaitQueueSize=500}
2019-01-31 22:30:50 INFO  connection:71 - Opened connection [connectionId{localValue:3, serverValue:635}] to localhost:27017
2019-01-31 22:30:50 INFO  cluster:71 - Monitor thread successfully connected to server with description ServerDescription{address=localhost:27017, type=STANDALONE, state=CONNECTED, ok=true, version=ServerVersion{versionList=[4, 0, 3]}, minWireVersion=0, maxWireVersion=7, maxDocumentSize=16777216, logicalSessionTimeoutMinutes=30, roundTripTimeNanos=819714}
2019-01-31 22:31:33 INFO  cluster:71 - Cluster created with settings {hosts=[localhost:27017], mode=SINGLE, requiredClusterType=UNKNOWN, serverSelectionTimeout='30000 ms', maxWaitQueueSize=500}
2019-01-31 22:31:33 INFO  cluster:71 - Cluster description not yet available. Waiting for 30000 ms before timing out
2019-01-31 22:31:33 INFO  connection:71 - Opened connection [connectionId{localValue:1, serverValue:636}] to localhost:27017
2019-01-31 22:31:33 INFO  cluster:71 - Monitor thread successfully connected to server with description ServerDescription{address=localhost:27017, type=STANDALONE, state=CONNECTED, ok=true, version=ServerVersion{versionList=[4, 0, 3]}, minWireVersion=0, maxWireVersion=7, maxDocumentSize=16777216, logicalSessionTimeoutMinutes=30, roundTripTimeNanos=3606640}
2019-01-31 22:31:33 INFO  connection:71 - Opened connection [connectionId{localValue:2, serverValue:637}] to localhost:27017
2019-01-31 22:31:34 INFO  cluster:71 - Cluster created with settings {hosts=[localhost:27017], mode=SINGLE, requiredClusterType=UNKNOWN, serverSelectionTimeout='30000 ms', maxWaitQueueSize=500}
2019-01-31 22:31:34 INFO  connection:71 - Opened connection [connectionId{localValue:3, serverValue:638}] to localhost:27017
2019-01-31 22:31:34 INFO  cluster:71 - Monitor thread successfully connected to server with description ServerDescription{address=localhost:27017, type=STANDALONE, state=CONNECTED, ok=true, version=ServerVersion{versionList=[4, 0, 3]}, minWireVersion=0, maxWireVersion=7, maxDocumentSize=16777216, logicalSessionTimeoutMinutes=30, roundTripTimeNanos=1175197}
2019-01-31 22:31:36 INFO  connection:71 - Opened connection [connectionId{localValue:4, serverValue:639}] to localhost:27017
2019-02-01 11:36:11 INFO  cluster:71 - Cluster created with settings {hosts=[localhost:27017], mode=SINGLE, requiredClusterType=UNKNOWN, serverSelectionTimeout='30000 ms', maxWaitQueueSize=500}
2019-02-01 11:36:11 INFO  cluster:71 - Cluster description not yet available. Waiting for 30000 ms before timing out
2019-02-01 11:36:11 INFO  connection:71 - Opened connection [connectionId{localValue:1, serverValue:640}] to localhost:27017
2019-02-01 11:36:11 INFO  cluster:71 - Monitor thread successfully connected to server with description ServerDescription{address=localhost:27017, type=STANDALONE, state=CONNECTED, ok=true, version=ServerVersion{versionList=[4, 0, 3]}, minWireVersion=0, maxWireVersion=7, maxDocumentSize=16777216, logicalSessionTimeoutMinutes=30, roundTripTimeNanos=5423553}
2019-02-01 11:36:11 INFO  connection:71 - Opened connection [connectionId{localValue:2, serverValue:641}] to localhost:27017
2019-02-01 11:36:11 INFO  cluster:71 - Cluster created with settings {hosts=[localhost:27017], mode=SINGLE, requiredClusterType=UNKNOWN, serverSelectionTimeout='30000 ms', maxWaitQueueSize=500}
2019-02-01 11:36:11 INFO  connection:71 - Opened connection [connectionId{localValue:3, serverValue:642}] to localhost:27017
2019-02-01 11:36:11 INFO  cluster:71 - Monitor thread successfully connected to server with description ServerDescription{address=localhost:27017, type=STANDALONE, state=CONNECTED, ok=true, version=ServerVersion{versionList=[4, 0, 3]}, minWireVersion=0, maxWireVersion=7, maxDocumentSize=16777216, logicalSessionTimeoutMinutes=30, roundTripTimeNanos=1458866}
2019-02-01 11:36:15 INFO  connection:71 - Opened connection [connectionId{localValue:4, serverValue:643}] to localhost:27017
2019-02-01 11:45:45 INFO  cluster:71 - Cluster created with settings {hosts=[localhost:27017], mode=SINGLE, requiredClusterType=UNKNOWN, serverSelectionTimeout='30000 ms', maxWaitQueueSize=500}
2019-02-01 11:45:45 INFO  cluster:71 - Cluster description not yet available. Waiting for 30000 ms before timing out
2019-02-01 11:45:45 INFO  connection:71 - Opened connection [connectionId{localValue:1, serverValue:644}] to localhost:27017
2019-02-01 11:45:45 INFO  cluster:71 - Monitor thread successfully connected to server with description ServerDescription{address=localhost:27017, type=STANDALONE, state=CONNECTED, ok=true, version=ServerVersion{versionList=[4, 0, 3]}, minWireVersion=0, maxWireVersion=7, maxDocumentSize=16777216, logicalSessionTimeoutMinutes=30, roundTripTimeNanos=5359433}
2019-02-01 11:45:45 INFO  connection:71 - Opened connection [connectionId{localValue:2, serverValue:645}] to localhost:27017
2019-02-01 11:45:46 INFO  cluster:71 - Cluster created with settings {hosts=[localhost:27017], mode=SINGLE, requiredClusterType=UNKNOWN, serverSelectionTimeout='30000 ms', maxWaitQueueSize=500}
2019-02-01 11:45:46 INFO  connection:71 - Opened connection [connectionId{localValue:3, serverValue:646}] to localhost:27017
2019-02-01 11:45:46 INFO  cluster:71 - Monitor thread successfully connected to server with description ServerDescription{address=localhost:27017, type=STANDALONE, state=CONNECTED, ok=true, version=ServerVersion{versionList=[4, 0, 3]}, minWireVersion=0, maxWireVersion=7, maxDocumentSize=16777216, logicalSessionTimeoutMinutes=30, roundTripTimeNanos=1383460}
2019-02-01 11:45:49 INFO  connection:71 - Opened connection [connectionId{localValue:4, serverValue:647}] to localhost:27017
2019-02-01 11:49:27 INFO  cluster:71 - Cluster created with settings {hosts=[localhost:27017], mode=SINGLE, requiredClusterType=UNKNOWN, serverSelectionTimeout='30000 ms', maxWaitQueueSize=500}
2019-02-01 11:49:27 INFO  cluster:71 - Cluster description not yet available. Waiting for 30000 ms before timing out
2019-02-01 11:49:27 INFO  connection:71 - Opened connection [connectionId{localValue:1, serverValue:648}] to localhost:27017
2019-02-01 11:49:27 INFO  cluster:71 - Monitor thread successfully connected to server with description ServerDescription{address=localhost:27017, type=STANDALONE, state=CONNECTED, ok=true, version=ServerVersion{versionList=[4, 0, 3]}, minWireVersion=0, maxWireVersion=7, maxDocumentSize=16777216, logicalSessionTimeoutMinutes=30, roundTripTimeNanos=5539483}
2019-02-01 11:49:27 INFO  connection:71 - Opened connection [connectionId{localValue:2, serverValue:649}] to localhost:27017
2019-02-01 11:49:27 INFO  cluster:71 - Cluster created with settings {hosts=[localhost:27017], mode=SINGLE, requiredClusterType=UNKNOWN, serverSelectionTimeout='30000 ms', maxWaitQueueSize=500}
2019-02-01 11:49:27 INFO  connection:71 - Opened connection [connectionId{localValue:3, serverValue:650}] to localhost:27017
2019-02-01 11:49:27 INFO  cluster:71 - Monitor thread successfully connected to server with description ServerDescription{address=localhost:27017, type=STANDALONE, state=CONNECTED, ok=true, version=ServerVersion{versionList=[4, 0, 3]}, minWireVersion=0, maxWireVersion=7, maxDocumentSize=16777216, logicalSessionTimeoutMinutes=30, roundTripTimeNanos=1791265}
2019-02-01 11:49:31 INFO  connection:71 - Opened connection [connectionId{localValue:4, serverValue:651}] to localhost:27017
2019-02-01 11:53:15 INFO  cluster:71 - Cluster created with settings {hosts=[localhost:27017], mode=SINGLE, requiredClusterType=UNKNOWN, serverSelectionTimeout='30000 ms', maxWaitQueueSize=500}
2019-02-01 11:53:16 INFO  cluster:71 - Cluster description not yet available. Waiting for 30000 ms before timing out
2019-02-01 11:53:16 INFO  connection:71 - Opened connection [connectionId{localValue:1, serverValue:652}] to localhost:27017
2019-02-01 11:53:16 INFO  cluster:71 - Monitor thread successfully connected to server with description ServerDescription{address=localhost:27017, type=STANDALONE, state=CONNECTED, ok=true, version=ServerVersion{versionList=[4, 0, 3]}, minWireVersion=0, maxWireVersion=7, maxDocumentSize=16777216, logicalSessionTimeoutMinutes=30, roundTripTimeNanos=5867779}
2019-02-01 11:53:16 INFO  connection:71 - Opened connection [connectionId{localValue:2, serverValue:653}] to localhost:27017
2019-02-01 11:53:16 INFO  cluster:71 - Cluster created with settings {hosts=[localhost:27017], mode=SINGLE, requiredClusterType=UNKNOWN, serverSelectionTimeout='30000 ms', maxWaitQueueSize=500}
2019-02-01 11:53:16 INFO  connection:71 - Opened connection [connectionId{localValue:3, serverValue:654}] to localhost:27017
2019-02-01 11:53:16 INFO  cluster:71 - Monitor thread successfully connected to server with description ServerDescription{address=localhost:27017, type=STANDALONE, state=CONNECTED, ok=true, version=ServerVersion{versionList=[4, 0, 3]}, minWireVersion=0, maxWireVersion=7, maxDocumentSize=16777216, logicalSessionTimeoutMinutes=30, roundTripTimeNanos=1356786}
2019-02-01 11:53:19 INFO  connection:71 - Opened connection [connectionId{localValue:4, serverValue:655}] to localhost:27017
2019-02-01 11:55:22 INFO  cluster:71 - Cluster created with settings {hosts=[localhost:27017], mode=SINGLE, requiredClusterType=UNKNOWN, serverSelectionTimeout='30000 ms', maxWaitQueueSize=500}
2019-02-01 11:55:22 INFO  cluster:71 - Cluster description not yet available. Waiting for 30000 ms before timing out
2019-02-01 11:55:22 INFO  connection:71 - Opened connection [connectionId{localValue:1, serverValue:656}] to localhost:27017
2019-02-01 11:55:22 INFO  cluster:71 - Monitor thread successfully connected to server with description ServerDescription{address=localhost:27017, type=STANDALONE, state=CONNECTED, ok=true, version=ServerVersion{versionList=[4, 0, 3]}, minWireVersion=0, maxWireVersion=7, maxDocumentSize=16777216, logicalSessionTimeoutMinutes=30, roundTripTimeNanos=5500498}
2019-02-01 11:55:22 INFO  connection:71 - Opened connection [connectionId{localValue:2, serverValue:657}] to localhost:27017
2019-02-01 11:55:22 INFO  cluster:71 - Cluster created with settings {hosts=[localhost:27017], mode=SINGLE, requiredClusterType=UNKNOWN, serverSelectionTimeout='30000 ms', maxWaitQueueSize=500}
2019-02-01 11:55:22 INFO  connection:71 - Opened connection [connectionId{localValue:3, serverValue:658}] to localhost:27017
2019-02-01 11:55:22 INFO  cluster:71 - Monitor thread successfully connected to server with description ServerDescription{address=localhost:27017, type=STANDALONE, state=CONNECTED, ok=true, version=ServerVersion{versionList=[4, 0, 3]}, minWireVersion=0, maxWireVersion=7, maxDocumentSize=16777216, logicalSessionTimeoutMinutes=30, roundTripTimeNanos=1778954}
2019-02-01 11:57:14 INFO  cluster:71 - Cluster created with settings {hosts=[localhost:27017], mode=SINGLE, requiredClusterType=UNKNOWN, serverSelectionTimeout='30000 ms', maxWaitQueueSize=500}
2019-02-01 11:57:14 INFO  cluster:71 - Cluster description not yet available. Waiting for 30000 ms before timing out
2019-02-01 11:57:14 INFO  connection:71 - Opened connection [connectionId{localValue:1, serverValue:659}] to localhost:27017
2019-02-01 11:57:14 INFO  cluster:71 - Monitor thread successfully connected to server with description ServerDescription{address=localhost:27017, type=STANDALONE, state=CONNECTED, ok=true, version=ServerVersion{versionList=[4, 0, 3]}, minWireVersion=0, maxWireVersion=7, maxDocumentSize=16777216, logicalSessionTimeoutMinutes=30, roundTripTimeNanos=5281975}
2019-02-01 11:57:14 INFO  connection:71 - Opened connection [connectionId{localValue:2, serverValue:660}] to localhost:27017
2019-02-01 11:57:14 INFO  cluster:71 - Cluster created with settings {hosts=[localhost:27017], mode=SINGLE, requiredClusterType=UNKNOWN, serverSelectionTimeout='30000 ms', maxWaitQueueSize=500}
2019-02-01 11:57:14 INFO  connection:71 - Opened connection [connectionId{localValue:3, serverValue:661}] to localhost:27017
2019-02-01 11:57:14 INFO  cluster:71 - Monitor thread successfully connected to server with description ServerDescription{address=localhost:27017, type=STANDALONE, state=CONNECTED, ok=true, version=ServerVersion{versionList=[4, 0, 3]}, minWireVersion=0, maxWireVersion=7, maxDocumentSize=16777216, logicalSessionTimeoutMinutes=30, roundTripTimeNanos=1451684}
2019-02-01 11:57:18 INFO  connection:71 - Opened connection [connectionId{localValue:4, serverValue:662}] to localhost:27017
2019-02-01 12:24:42 INFO  cluster:71 - Cluster created with settings {hosts=[localhost:27017], mode=SINGLE, requiredClusterType=UNKNOWN, serverSelectionTimeout='30000 ms', maxWaitQueueSize=500}
2019-02-01 12:24:42 INFO  cluster:71 - Cluster description not yet available. Waiting for 30000 ms before timing out
2019-02-01 12:24:42 INFO  connection:71 - Opened connection [connectionId{localValue:1, serverValue:663}] to localhost:27017
2019-02-01 12:24:42 INFO  cluster:71 - Monitor thread successfully connected to server with description ServerDescription{address=localhost:27017, type=STANDALONE, state=CONNECTED, ok=true, version=ServerVersion{versionList=[4, 0, 3]}, minWireVersion=0, maxWireVersion=7, maxDocumentSize=16777216, logicalSessionTimeoutMinutes=30, roundTripTimeNanos=6519242}
2019-02-01 12:24:42 INFO  connection:71 - Opened connection [connectionId{localValue:2, serverValue:664}] to localhost:27017
2019-02-01 12:24:42 INFO  cluster:71 - Cluster created with settings {hosts=[localhost:27017], mode=SINGLE, requiredClusterType=UNKNOWN, serverSelectionTimeout='30000 ms', maxWaitQueueSize=500}
2019-02-01 12:24:42 INFO  connection:71 - Opened connection [connectionId{localValue:3, serverValue:665}] to localhost:27017
2019-02-01 12:24:42 INFO  cluster:71 - Monitor thread successfully connected to server with description ServerDescription{address=localhost:27017, type=STANDALONE, state=CONNECTED, ok=true, version=ServerVersion{versionList=[4, 0, 3]}, minWireVersion=0, maxWireVersion=7, maxDocumentSize=16777216, logicalSessionTimeoutMinutes=30, roundTripTimeNanos=1307028}
2019-02-01 12:24:44 INFO  connection:71 - Opened connection [connectionId{localValue:4, serverValue:666}] to localhost:27017
2019-02-01 12:25:27 INFO  cluster:71 - Cluster created with settings {hosts=[localhost:27017], mode=SINGLE, requiredClusterType=UNKNOWN, serverSelectionTimeout='30000 ms', maxWaitQueueSize=500}
2019-02-01 12:25:27 INFO  cluster:71 - Cluster description not yet available. Waiting for 30000 ms before timing out
2019-02-01 12:25:27 INFO  connection:71 - Opened connection [connectionId{localValue:1, serverValue:667}] to localhost:27017
2019-02-01 12:25:27 INFO  cluster:71 - Monitor thread successfully connected to server with description ServerDescription{address=localhost:27017, type=STANDALONE, state=CONNECTED, ok=true, version=ServerVersion{versionList=[4, 0, 3]}, minWireVersion=0, maxWireVersion=7, maxDocumentSize=16777216, logicalSessionTimeoutMinutes=30, roundTripTimeNanos=4625384}
2019-02-01 12:25:27 INFO  connection:71 - Opened connection [connectionId{localValue:2, serverValue:668}] to localhost:27017
2019-02-01 12:25:27 INFO  cluster:71 - Cluster created with settings {hosts=[localhost:27017], mode=SINGLE, requiredClusterType=UNKNOWN, serverSelectionTimeout='30000 ms', maxWaitQueueSize=500}
2019-02-01 12:25:27 INFO  connection:71 - Opened connection [connectionId{localValue:3, serverValue:669}] to localhost:27017
2019-02-01 12:25:27 INFO  cluster:71 - Monitor thread successfully connected to server with description ServerDescription{address=localhost:27017, type=STANDALONE, state=CONNECTED, ok=true, version=ServerVersion{versionList=[4, 0, 3]}, minWireVersion=0, maxWireVersion=7, maxDocumentSize=16777216, logicalSessionTimeoutMinutes=30, roundTripTimeNanos=1678414}
2019-02-01 12:25:31 INFO  connection:71 - Opened connection [connectionId{localValue:4, serverValue:670}] to localhost:27017
2019-02-01 12:26:05 INFO  cluster:71 - Cluster created with settings {hosts=[localhost:27017], mode=SINGLE, requiredClusterType=UNKNOWN, serverSelectionTimeout='30000 ms', maxWaitQueueSize=500}
2019-02-01 12:26:05 INFO  cluster:71 - Cluster description not yet available. Waiting for 30000 ms before timing out
2019-02-01 12:26:05 INFO  connection:71 - Opened connection [connectionId{localValue:1, serverValue:671}] to localhost:27017
2019-02-01 12:26:05 INFO  cluster:71 - Monitor thread successfully connected to server with description ServerDescription{address=localhost:27017, type=STANDALONE, state=CONNECTED, ok=true, version=ServerVersion{versionList=[4, 0, 3]}, minWireVersion=0, maxWireVersion=7, maxDocumentSize=16777216, logicalSessionTimeoutMinutes=30, roundTripTimeNanos=5084485}
2019-02-01 12:26:06 INFO  connection:71 - Opened connection [connectionId{localValue:2, serverValue:672}] to localhost:27017
2019-02-01 12:26:06 INFO  cluster:71 - Cluster created with settings {hosts=[localhost:27017], mode=SINGLE, requiredClusterType=UNKNOWN, serverSelectionTimeout='30000 ms', maxWaitQueueSize=500}
2019-02-01 12:26:06 INFO  connection:71 - Opened connection [connectionId{localValue:3, serverValue:673}] to localhost:27017
2019-02-01 12:26:06 INFO  cluster:71 - Monitor thread successfully connected to server with description ServerDescription{address=localhost:27017, type=STANDALONE, state=CONNECTED, ok=true, version=ServerVersion{versionList=[4, 0, 3]}, minWireVersion=0, maxWireVersion=7, maxDocumentSize=16777216, logicalSessionTimeoutMinutes=30, roundTripTimeNanos=1339345}
2019-02-01 12:26:10 INFO  connection:71 - Opened connection [connectionId{localValue:4, serverValue:674}] to localhost:27017
